{"logTime": "0409/044340", "correlationVector":"6yCz+taHuJ5GYbfDcfWvix.1","action":"SyncServerConnectionManagerRequest", "result":"SYNC_SERVER_OK", "context":{"environment":"Prod_southeastasia_prod-s01-065-apac-southeastasia", "migrationStage":"NotStarted", "server":"akswtt11200000u"}}
{"logTime": "0409/044340", "correlationVector":"6yCz+taHuJ5GYbfDcfWvix.2","action":"ProcessGetUpdates", "result":"Done", "context":{"dataType":"Encryption Keys", "deleted":"0", "process_failed_to_decrypt":"0", "process_pending_decryption":"0", "process_success":"1", "total":"1"}}
{"logTime": "0409/044341", "correlationVector":"KuxTGx6qrQCY3rFkPKlAs5","action":"SyncServerConnectionManagerRequest", "result":"SYNC_SERVER_OK", "context":{"environment":"", "migrationStage":"", "server":""}}
{"logTime": "0409/044341", "correlationVector":"KuxTGx6qrQCY3rFkPKlAs5.0","action":"EncryptionKeysFetcher.DownloadKeys:", "result":"Success", "context":Key count: 6, Last key timestamp: 2026-01-20T06:20:05Z}
{"logTime": "0409/044341", "correlationVector":"KuxTGx6qrQCY3rFkPKlAs5.1","action":"EncryptionKeysManager::SetEncryptionKeys:", "result":"Success", "context":Key names[6]:[ByVb6cBX/bu6k1/9au9o2Fb70m3S1Cx3JSbN2qQ3gJ3/h0n/w7LmdF+uhNjnRX3JoOpw4Ch+ZN1qIRdjTGbomw==][WNS4zTcYEszIukDipTdzomYyfT484qLGUUpTL9NoCrWuNwchuh7WZBInK3jT+zWFaMYVGRJ3T548cGk5wqPkPw==][QqAkU21LwbDP+zoLC5Xv4AJH6e3M0OuPmEdxZonvfA0urnJII48ydApDH3co12WnviWu0isULXemBeOAMLoDSw==][r7sK29rfZKTtMxm8nva/Tl1no75DV4uU6+UKBhuNfp/z2nHbYzB6pj4iMbsnkY/tohUStI8jYvlfWC3RIbKLVw==][oOdGMej1/q8uB3jacZry514ycVuhscKqh63GCMYOj+x2IJe742QcAC5pCYWiV+kJsMntU5+zbhfv5UTCd19Lig==][G+8QAHCjNgTCo5NbRnURKftWDW22k+FNJN/VOK3N7KndlfZpGJCvTbyGz0Ccy9csT54beehrU2Z3MAvi0+nkJA==]}
{"logTime": "0409/044341", "correlationVector":"KuxTGx6qrQCY3rFkPKlAs5.2","action":"EncryptionKeysManager::SetEncryptionKeysWithTimestamps:", "result":"Success", "context":Key timestamps[6]:[2023-07-11T10:10:15Z][2024-01-08T14:12:51Z][2024-07-09T03:09:37Z][2025-01-12T15:05:46Z][2025-07-15T13:38:21Z][2026-01-20T06:20:05Z]}
{"logTime": "0409/044341", "correlationVector":"6yCz+taHuJ5GYbfDcfWvix","action":"Initial GetUpdates", "result":"", "context":Reason: NEW_CLIENT. cV=6yCz+taHuJ5GYbfDcfWvix}
{"logTime": "0409/044341", "correlationVector":"6yCz+taHuJ5GYbfDcfWvix.3","action":"GetUpdates Response", "result":"Success", "context":Received 1 update(s). cV=6yCz+taHuJ5GYbfDcfWvix.0;server=akswtt11200000u;cloudType=Consumer;environment=Prod_southeastasia_prod-s01-065-apac-southeastasia;migrationStage=NotStarted}
{"logTime": "0409/044341", "correlationVector":"YHwKqybor+DKsbtVX8Sv4A","action":"Initial GetUpdates", "result":"", "context":Reason: NEWLY_SUPPORTED_DATATYPE. cV=YHwKqybor+DKsbtVX8Sv4A}
{"logTime": "0409/044342", "correlationVector":"YHwKqybor+DKsbtVX8Sv4A.1","action":"SyncServerConnectionManagerRequest", "result":"SYNC_SERVER_OK", "context":{"environment":"Prod_southeastasia_prod-s01-065-apac-southeastasia", "migrationStage":"NotStarted", "server":"akswtt11200000k"}}
{"logTime": "0409/044342", "correlationVector":"YHwKqybor+DKsbtVX8Sv4A.2","action":"ProcessGetUpdates", "result":"Done", "context":{"dataType":"Preferences", "deleted":"1", "process_failed_to_decrypt":"0", "process_pending_decryption":"0", "process_success":"92", "total":"92"}}
{"logTime": "0409/044342", "correlationVector":"YHwKqybor+DKsbtVX8Sv4A.3","action":"ProcessGetUpdates", "result":"Done", "context":{"dataType":"Passwords", "deleted":"3", "process_failed_to_decrypt":"0", "process_pending_decryption":"0", "process_success":"61", "total":"61"}}
{"logTime": "0409/044342", "correlationVector":"YHwKqybor+DKsbtVX8Sv4A.4","action":"ProcessGetUpdates", "result":"Done", "context":{"dataType":"Device Info", "deleted":"0", "process_failed_to_decrypt":"0", "process_pending_decryption":"0", "process_success":"6", "total":"6"}}
{"logTime": "0409/044342", "correlationVector":"YHwKqybor+DKsbtVX8Sv4A.5","action":"GetUpdates Response", "result":"Success", "context":Received 159 update(s). cV=YHwKqybor+DKsbtVX8Sv4A.0;server=akswtt11200000k;cloudType=Consumer;environment=Prod_southeastasia_prod-s01-065-apac-southeastasia;migrationStage=NotStarted}
{"logTime": "0409/044342", "correlationVector":"hIvxIZI//DDwiX//oZ769e","action":"Initial GetUpdates", "result":"", "context":Reason: NEWLY_SUPPORTED_DATATYPE. cV=hIvxIZI//DDwiX//oZ769e}
{"logTime": "0409/044342", "correlationVector":"hIvxIZI//DDwiX//oZ769e.1","action":"SyncServerConnectionManagerRequest", "result":"SYNC_SERVER_OK", "context":{"environment":"Prod_southeastasia_prod-s01-065-apac-southeastasia", "migrationStage":"NotStarted", "server":"akswtt11200000p"}}
{"logTime": "0409/044342", "correlationVector":"hIvxIZI//DDwiX//oZ769e.2","action":"ProcessGetUpdates", "result":"Done", "context":{"dataType":"Bookmarks", "deleted":"1", "process_failed_to_decrypt":"0", "process_pending_decryption":"0", "process_success":"9", "total":"9"}}
{"logTime": "0409/044342", "correlationVector":"hIvxIZI//DDwiX//oZ769e.3","action":"GetUpdates Response", "result":"Success", "context":Received 9 update(s). cV=hIvxIZI//DDwiX//oZ769e.0;server=akswtt11200000p;cloudType=Consumer;environment=Prod_southeastasia_prod-s01-065-apac-southeastasia;migrationStage=NotStarted}
{"logTime": "0409/044342", "correlationVector":"AAZc38vppK7QKAqE8K60Fp","action":"Initial GetUpdates", "result":"", "context":Reason: NEWLY_SUPPORTED_DATATYPE. cV=AAZc38vppK7QKAqE8K60Fp}
{"logTime": "0409/044344", "correlationVector":"AAZc38vppK7QKAqE8K60Fp.1","action":"SyncServerConnectionManagerRequest", "result":"SYNC_SERVER_OK", "context":{"environment":"Prod_southeastasia_prod-s01-065-apac-southeastasia", "migrationStage":"NotStarted", "server":"akswtt112000008"}}
{"logTime": "0409/044344", "correlationVector":"AAZc38vppK7QKAqE8K60Fp.2","action":"ProcessGetUpdates", "result":"Done", "context":{"dataType":"Autofill Profiles", "deleted":"0", "process_failed_to_decrypt":"0", "process_pending_decryption":"0", "process_success":"44", "total":"44"}}
{"logTime": "0409/044344", "correlationVector":"AAZc38vppK7QKAqE8K60Fp.3","action":"ProcessGetUpdates", "result":"Done", "context":{"dataType":"Autofill", "deleted":"0", "process_failed_to_decrypt":"0", "process_pending_decryption":"0", "process_success":"195", "total":"195"}}
{"logTime": "0409/044344", "correlationVector":"AAZc38vppK7QKAqE8K60Fp.4","action":"ProcessGetUpdates", "result":"Done", "context":{"dataType":"Extensions", "deleted":"0", "process_failed_to_decrypt":"0", "process_pending_decryption":"0", "process_success":"1", "total":"1"}}
{"logTime": "0409/044344", "correlationVector":"AAZc38vppK7QKAqE8K60Fp.5","action":"ProcessGetUpdates", "result":"Done", "context":{"dataType":"Sessions", "deleted":"4", "process_failed_to_decrypt":"0", "process_pending_decryption":"0", "process_success":"4", "total":"4"}}
{"logTime": "0409/044344", "correlationVector":"AAZc38vppK7QKAqE8K60Fp.6","action":"ProcessGetUpdates", "result":"Done", "context":{"dataType":"Edge Hub App Usage", "deleted":"6", "process_failed_to_decrypt":"0", "process_pending_decryption":"0", "process_success":"6", "total":"6"}}
{"logTime": "0409/044344", "correlationVector":"AAZc38vppK7QKAqE8K60Fp.7","action":"GetUpdates Response", "result":"Success", "context":Received 250 update(s). cV=AAZc38vppK7QKAqE8K60Fp.0;server=akswtt112000008;cloudType=Consumer;environment=Prod_southeastasia_prod-s01-065-apac-southeastasia;migrationStage=NotStarted Some updates remain.}
{"logTime": "0409/044344", "correlationVector":"aAjKzYXAvh6Nvd4n62CBhf","action":"Initial GetUpdates", "result":"", "context":Reason: NEWLY_SUPPORTED_DATATYPE. cV=aAjKzYXAvh6Nvd4n62CBhf}
{"logTime": "0409/044345", "correlationVector":"aAjKzYXAvh6Nvd4n62CBhf.1","action":"SyncServerConnectionManagerRequest", "result":"SYNC_SERVER_OK", "context":{"environment":"Prod_southeastasia_prod-s01-065-apac-southeastasia", "migrationStage":"NotStarted", "server":"akswtt11200000m"}}
{"logTime": "0409/044345", "correlationVector":"aAjKzYXAvh6Nvd4n62CBhf.2","action":"ProcessGetUpdates", "result":"Done", "context":{"dataType":"Autofill Profiles", "deleted":"1", "process_failed_to_decrypt":"0", "process_pending_decryption":"0", "process_success":"1", "total":"1"}}
{"logTime": "0409/044345", "correlationVector":"aAjKzYXAvh6Nvd4n62CBhf.3","action":"ProcessGetUpdates", "result":"Done", "context":{"dataType":"Autofill", "deleted":"0", "process_failed_to_decrypt":"0", "process_pending_decryption":"0", "process_success":"100", "total":"100"}}
{"logTime": "0409/044345", "correlationVector":"aAjKzYXAvh6Nvd4n62CBhf.4","action":"ProcessGetUpdates", "result":"Done", "context":{"dataType":"Sessions", "deleted":"139", "process_failed_to_decrypt":"0", "process_pending_decryption":"0", "process_success":"139", "total":"139"}}
{"logTime": "0409/044345", "correlationVector":"aAjKzYXAvh6Nvd4n62CBhf.5","action":"ProcessGetUpdates", "result":"Done", "context":{"dataType":"Saved Tab Group", "deleted":"3", "process_failed_to_decrypt":"0", "process_pending_decryption":"0", "process_success":"3", "total":"3"}}
{"logTime": "0409/044345", "correlationVector":"aAjKzYXAvh6Nvd4n62CBhf.6","action":"ProcessGetUpdates", "result":"Done", "context":{"dataType":"Edge Hub App Usage", "deleted":"1", "process_failed_to_decrypt":"0", "process_pending_decryption":"0", "process_success":"7", "total":"7"}}
{"logTime": "0409/044345", "correlationVector":"aAjKzYXAvh6Nvd4n62CBhf.7","action":"GetUpdates Response", "result":"Success", "context":Received 250 update(s). cV=aAjKzYXAvh6Nvd4n62CBhf.0;server=akswtt11200000m;cloudType=Consumer;environment=Prod_southeastasia_prod-s01-065-apac-southeastasia;migrationStage=NotStarted Some updates remain.}
{"logTime": "0409/044345", "correlationVector":"wEb/TN4o2Q8xEKU6re4Acn","action":"Initial GetUpdates", "result":"", "context":Reason: NEWLY_SUPPORTED_DATATYPE. cV=wEb/TN4o2Q8xEKU6re4Acn}
{"logTime": "0409/044346", "correlationVector":"wEb/TN4o2Q8xEKU6re4Acn.1","action":"SyncServerConnectionManagerRequest", "result":"SYNC_SERVER_OK", "context":{"environment":"Prod_southeastasia_prod-s01-065-apac-southeastasia", "migrationStage":"NotStarted", "server":"akswtt112000012"}}
{"logTime": "0409/044346", "correlationVector":"wEb/TN4o2Q8xEKU6re4Acn.2","action":"ProcessGetUpdates", "result":"Done", "context":{"dataType":"Autofill Profiles", "deleted":"1", "process_failed_to_decrypt":"0", "process_pending_decryption":"0", "process_success":"2", "total":"2"}}
{"logTime": "0409/044346", "correlationVector":"wEb/TN4o2Q8xEKU6re4Acn.3","action":"ProcessGetUpdates", "result":"Done", "context":{"dataType":"Autofill", "deleted":"0", "process_failed_to_decrypt":"0", "process_pending_decryption":"0", "process_success":"13", "total":"13"}}
{"logTime": "0409/044346", "correlationVector":"wEb/TN4o2Q8xEKU6re4Acn.4","action":"ProcessGetUpdates", "result":"Done", "context":{"dataType":"Sessions", "deleted":"225", "process_failed_to_decrypt":"0", "process_pending_decryption":"0", "process_success":"225", "total":"225"}}
{"logTime": "0409/044346", "correlationVector":"wEb/TN4o2Q8xEKU6re4Acn.5","action":"ProcessGetUpdates", "result":"Done", "context":{"dataType":"Edge Hub App Usage", "deleted":"0", "process_failed_to_decrypt":"0", "process_pending_decryption":"0", "process_success":"10", "total":"10"}}
{"logTime": "0409/044346", "correlationVector":"wEb/TN4o2Q8xEKU6re4Acn.6","action":"GetUpdates Response", "result":"Success", "context":Received 250 update(s). cV=wEb/TN4o2Q8xEKU6re4Acn.0;server=akswtt112000012;cloudType=Consumer;environment=Prod_southeastasia_prod-s01-065-apac-southeastasia;migrationStage=NotStarted Some updates remain.}
{"logTime": "0409/044346", "correlationVector":"RBwsTC6BzXmA2y6AKy3HOE","action":"Initial GetUpdates", "result":"", "context":Reason: NEWLY_SUPPORTED_DATATYPE. cV=RBwsTC6BzXmA2y6AKy3HOE}
{"logTime": "0409/044346", "correlationVector":"RBwsTC6BzXmA2y6AKy3HOE.1","action":"SyncServerConnectionManagerRequest", "result":"SYNC_SERVER_OK", "context":{"environment":"Prod_southeastasia_prod-s01-065-apac-southeastasia", "migrationStage":"NotStarted", "server":"akswtt11200000m"}}
{"logTime": "0409/044346", "correlationVector":"RBwsTC6BzXmA2y6AKy3HOE.2","action":"ProcessGetUpdates", "result":"Done", "context":{"dataType":"Autofill Profiles", "deleted":"0", "process_failed_to_decrypt":"0", "process_pending_decryption":"0", "process_success":"2", "total":"2"}}
{"logTime": "0409/044346", "correlationVector":"RBwsTC6BzXmA2y6AKy3HOE.3","action":"ProcessGetUpdates", "result":"Done", "context":{"dataType":"Autofill", "deleted":"0", "process_failed_to_decrypt":"0", "process_pending_decryption":"0", "process_success":"9", "total":"9"}}
{"logTime": "0409/044346", "correlationVector":"RBwsTC6BzXmA2y6AKy3HOE.4","action":"ProcessGetUpdates", "result":"Done", "context":{"dataType":"Sessions", "deleted":"194", "process_failed_to_decrypt":"0", "process_pending_decryption":"0", "process_success":"194", "total":"194"}}
{"logTime": "0409/044346", "correlationVector":"RBwsTC6BzXmA2y6AKy3HOE.5","action":"ProcessGetUpdates", "result":"Done", "context":{"dataType":"Edge Hub App Usage", "deleted":"2", "process_failed_to_decrypt":"0", "process_pending_decryption":"0", "process_success":"45", "total":"45"}}
{"logTime": "0409/044346", "correlationVector":"RBwsTC6BzXmA2y6AKy3HOE.6","action":"GetUpdates Response", "result":"Success", "context":Received 250 update(s). cV=RBwsTC6BzXmA2y6AKy3HOE.0;server=akswtt11200000m;cloudType=Consumer;environment=Prod_southeastasia_prod-s01-065-apac-southeastasia;migrationStage=NotStarted Some updates remain.}
{"logTime": "0409/044346", "correlationVector":"CGAYlWwWi3VHdUHdzXPQRg","action":"Initial GetUpdates", "result":"", "context":Reason: NEWLY_SUPPORTED_DATATYPE. cV=CGAYlWwWi3VHdUHdzXPQRg}
{"logTime": "0409/044347", "correlationVector":"CGAYlWwWi3VHdUHdzXPQRg.1","action":"SyncServerConnectionManagerRequest", "result":"SYNC_SERVER_OK", "context":{"environment":"Prod_southeastasia_prod-s01-065-apac-southeastasia", "migrationStage":"NotStarted", "server":"akswtt112000011"}}
{"logTime": "0409/044347", "correlationVector":"CGAYlWwWi3VHdUHdzXPQRg.2","action":"ProcessGetUpdates", "result":"Done", "context":{"dataType":"Autofill", "deleted":"0", "process_failed_to_decrypt":"0", "process_pending_decryption":"0", "process_success":"2", "total":"2"}}
{"logTime": "0409/044347", "correlationVector":"CGAYlWwWi3VHdUHdzXPQRg.3","action":"ProcessGetUpdates", "result":"Done", "context":{"dataType":"Sessions", "deleted":"55", "process_failed_to_decrypt":"0", "process_pending_decryption":"0", "process_success":"72", "total":"72"}}
{"logTime": "0409/044347", "correlationVector":"CGAYlWwWi3VHdUHdzXPQRg.4","action":"ProcessGetUpdates", "result":"Done", "context":{"dataType":"Edge Hub App Usage", "deleted":"0", "process_failed_to_decrypt":"0", "process_pending_decryption":"0", "process_success":"5", "total":"5"}}
{"logTime": "0409/044347", "correlationVector":"CGAYlWwWi3VHdUHdzXPQRg.5","action":"GetUpdates Response", "result":"Success", "context":Received 79 update(s). cV=CGAYlWwWi3VHdUHdzXPQRg.0;server=akswtt112000011;cloudType=Consumer;environment=Prod_southeastasia_prod-s01-065-apac-southeastasia;migrationStage=NotStarted}
{"logTime": "0409/044347", "correlationVector":"z30KAWI7nMBW4Uf/1d5d0c","action":"Initial GetUpdates", "result":"", "context":Reason: NEWLY_SUPPORTED_DATATYPE. cV=z30KAWI7nMBW4Uf/1d5d0c}
{"logTime": "0409/044348", "correlationVector":"z30KAWI7nMBW4Uf/1d5d0c.1","action":"SyncServerConnectionManagerRequest", "result":"SYNC_SERVER_OK", "context":{"environment":"Prod_southeastasia_prod-s01-065-apac-southeastasia", "migrationStage":"NotStarted", "server":"akswtt112000019"}}
{"logTime": "0409/044348", "correlationVector":"z30KAWI7nMBW4Uf/1d5d0c.2","action":"ProcessGetUpdates", "result":"Done", "context":{"dataType":"History", "deleted":"0", "process_failed_to_decrypt":"0", "process_pending_decryption":"0", "process_success":"250", "total":"250"}}
{"logTime": "0409/044348", "correlationVector":"z30KAWI7nMBW4Uf/1d5d0c.3","action":"GetUpdates Response", "result":"Success", "context":Received 250 update(s). cV=z30KAWI7nMBW4Uf/1d5d0c.0;server=akswtt112000019;cloudType=Consumer;environment=Prod_southeastasia_prod-s01-065-apac-southeastasia;migrationStage=NotStarted Some updates remain.}
{"logTime": "0409/044348", "correlationVector":"6PRVVQZ3UCNZji8CF52wwt","action":"Initial GetUpdates", "result":"", "context":Reason: NEWLY_SUPPORTED_DATATYPE. cV=6PRVVQZ3UCNZji8CF52wwt}
{"logTime": "0409/044350", "correlationVector":"6PRVVQZ3UCNZji8CF52wwt.1","action":"SyncServerConnectionManagerRequest", "result":"SYNC_SERVER_OK", "context":{"environment":"Prod_southeastasia_prod-s01-065-apac-southeastasia", "migrationStage":"NotStarted", "server":"akswtt112000008"}}
{"logTime": "0409/044350", "correlationVector":"6PRVVQZ3UCNZji8CF52wwt.2","action":"ProcessGetUpdates", "result":"Done", "context":{"dataType":"History", "deleted":"0", "process_failed_to_decrypt":"0", "process_pending_decryption":"0", "process_success":"250", "total":"250"}}
{"logTime": "0409/044350", "correlationVector":"6PRVVQZ3UCNZji8CF52wwt.3","action":"GetUpdates Response", "result":"Success", "context":Received 250 update(s). cV=6PRVVQZ3UCNZji8CF52wwt.0;server=akswtt112000008;cloudType=Consumer;environment=Prod_southeastasia_prod-s01-065-apac-southeastasia;migrationStage=NotStarted Some updates remain.}
{"logTime": "0409/044350", "correlationVector":"IWevd+et2TJ3bOtm2cW3VD","action":"Initial GetUpdates", "result":"", "context":Reason: NEWLY_SUPPORTED_DATATYPE. cV=IWevd+et2TJ3bOtm2cW3VD}
{"logTime": "0409/044355", "correlationVector":"IWevd+et2TJ3bOtm2cW3VD.1","action":"SyncServerConnectionManagerRequest", "result":"SYNC_SERVER_OK", "context":{"environment":"Prod_southeastasia_prod-s01-065-apac-southeastasia", "migrationStage":"NotStarted", "server":"akswtt112000007"}}
{"logTime": "0409/044355", "correlationVector":"IWevd+et2TJ3bOtm2cW3VD.2","action":"ProcessGetUpdates", "result":"Done", "context":{"dataType":"History", "deleted":"0", "process_failed_to_decrypt":"0", "process_pending_decryption":"0", "process_success":"250", "total":"250"}}
{"logTime": "0409/044355", "correlationVector":"IWevd+et2TJ3bOtm2cW3VD.3","action":"GetUpdates Response", "result":"Success", "context":Received 250 update(s). cV=IWevd+et2TJ3bOtm2cW3VD.0;server=akswtt112000007;cloudType=Consumer;environment=Prod_southeastasia_prod-s01-065-apac-southeastasia;migrationStage=NotStarted Some updates remain.}
{"logTime": "0409/044355", "correlationVector":"mpJk64/U9wDqTnTIR9swgP","action":"Initial GetUpdates", "result":"", "context":Reason: NEWLY_SUPPORTED_DATATYPE. cV=mpJk64/U9wDqTnTIR9swgP}
{"logTime": "0409/044356", "correlationVector":"mpJk64/U9wDqTnTIR9swgP.1","action":"SyncServerConnectionManagerRequest", "result":"SYNC_SERVER_OK", "context":{"environment":"Prod_southeastasia_prod-s01-065-apac-southeastasia", "migrationStage":"NotStarted", "server":"akswtt112000007"}}
{"logTime": "0409/044356", "correlationVector":"mpJk64/U9wDqTnTIR9swgP.2","action":"ProcessGetUpdates", "result":"Done", "context":{"dataType":"History", "deleted":"0", "process_failed_to_decrypt":"0", "process_pending_decryption":"0", "process_success":"250", "total":"250"}}
{"logTime": "0409/044356", "correlationVector":"mpJk64/U9wDqTnTIR9swgP.3","action":"GetUpdates Response", "result":"Success", "context":Received 250 update(s). cV=mpJk64/U9wDqTnTIR9swgP.0;server=akswtt112000007;cloudType=Consumer;environment=Prod_southeastasia_prod-s01-065-apac-southeastasia;migrationStage=NotStarted Some updates remain.}
{"logTime": "0409/044356", "correlationVector":"L548qHijS4xbtpfX/se+nJ","action":"Initial GetUpdates", "result":"", "context":Reason: NEWLY_SUPPORTED_DATATYPE. cV=L548qHijS4xbtpfX/se+nJ}
{"logTime": "0409/044357", "correlationVector":"L548qHijS4xbtpfX/se+nJ.1","action":"SyncServerConnectionManagerRequest", "result":"SYNC_SERVER_OK", "context":{"environment":"Prod_southeastasia_prod-s01-065-apac-southeastasia", "migrationStage":"NotStarted", "server":"akswtt11200000p"}}
{"logTime": "0409/044357", "correlationVector":"L548qHijS4xbtpfX/se+nJ.2","action":"ProcessGetUpdates", "result":"Done", "context":{"dataType":"History", "deleted":"0", "process_failed_to_decrypt":"0", "process_pending_decryption":"0", "process_success":"250", "total":"250"}}
{"logTime": "0409/044357", "correlationVector":"L548qHijS4xbtpfX/se+nJ.3","action":"GetUpdates Response", "result":"Success", "context":Received 250 update(s). cV=L548qHijS4xbtpfX/se+nJ.0;server=akswtt11200000p;cloudType=Consumer;environment=Prod_southeastasia_prod-s01-065-apac-southeastasia;migrationStage=NotStarted Some updates remain.}
{"logTime": "0409/044357", "correlationVector":"EbiModDYMDTQegpoNXgHn0","action":"Initial GetUpdates", "result":"", "context":Reason: NEWLY_SUPPORTED_DATATYPE. cV=EbiModDYMDTQegpoNXgHn0}
{"logTime": "0409/044358", "correlationVector":"EbiModDYMDTQegpoNXgHn0.1","action":"SyncServerConnectionManagerRequest", "result":"SYNC_SERVER_OK", "context":{"environment":"Prod_southeastasia_prod-s01-065-apac-southeastasia", "migrationStage":"NotStarted", "server":"akswtt112000011"}}
{"logTime": "0409/044358", "correlationVector":"EbiModDYMDTQegpoNXgHn0.2","action":"ProcessGetUpdates", "result":"Done", "context":{"dataType":"History", "deleted":"0", "process_failed_to_decrypt":"0", "process_pending_decryption":"0", "process_success":"250", "total":"250"}}
{"logTime": "0409/044358", "correlationVector":"EbiModDYMDTQegpoNXgHn0.3","action":"GetUpdates Response", "result":"Success", "context":Received 250 update(s). cV=EbiModDYMDTQegpoNXgHn0.0;server=akswtt112000011;cloudType=Consumer;environment=Prod_southeastasia_prod-s01-065-apac-southeastasia;migrationStage=NotStarted Some updates remain.}
{"logTime": "0409/044358", "correlationVector":"K1I9wa/Ic5/0BcpX+waiZg","action":"Initial GetUpdates", "result":"", "context":Reason: NEWLY_SUPPORTED_DATATYPE. cV=K1I9wa/Ic5/0BcpX+waiZg}
{"logTime": "0409/044401", "correlationVector":"K1I9wa/Ic5/0BcpX+waiZg.1","action":"SyncServerConnectionManagerRequest", "result":"SYNC_SERVER_OK", "context":{"environment":"Prod_southeastasia_prod-s01-065-apac-southeastasia", "migrationStage":"NotStarted", "server":"akswtt11200000w"}}
{"logTime": "0409/044401", "correlationVector":"K1I9wa/Ic5/0BcpX+waiZg.2","action":"ProcessGetUpdates", "result":"Done", "context":{"dataType":"History", "deleted":"0", "process_failed_to_decrypt":"0", "process_pending_decryption":"0", "process_success":"250", "total":"250"}}
{"logTime": "0409/044401", "correlationVector":"K1I9wa/Ic5/0BcpX+waiZg.3","action":"GetUpdates Response", "result":"Success", "context":Received 250 update(s). cV=K1I9wa/Ic5/0BcpX+waiZg.0;server=akswtt11200000w;cloudType=Consumer;environment=Prod_southeastasia_prod-s01-065-apac-southeastasia;migrationStage=NotStarted Some updates remain.}
{"logTime": "0409/044401", "correlationVector":"ezolNlFoJEuO1LPz2rBCRg","action":"Initial GetUpdates", "result":"", "context":Reason: NEWLY_SUPPORTED_DATATYPE. cV=ezolNlFoJEuO1LPz2rBCRg}
{"logTime": "0409/044403", "correlationVector":"ezolNlFoJEuO1LPz2rBCRg.1","action":"SyncServerConnectionManagerRequest", "result":"SYNC_SERVER_OK", "context":{"environment":"Prod_southeastasia_prod-s01-065-apac-southeastasia", "migrationStage":"NotStarted", "server":"akswtt11200000i"}}
{"logTime": "0409/044403", "correlationVector":"ezolNlFoJEuO1LPz2rBCRg.2","action":"ProcessGetUpdates", "result":"Done", "context":{"dataType":"History", "deleted":"0", "process_failed_to_decrypt":"0", "process_pending_decryption":"0", "process_success":"250", "total":"250"}}
{"logTime": "0409/044403", "correlationVector":"ezolNlFoJEuO1LPz2rBCRg.3","action":"GetUpdates Response", "result":"Success", "context":Received 250 update(s). cV=ezolNlFoJEuO1LPz2rBCRg.0;server=akswtt11200000i;cloudType=Consumer;environment=Prod_southeastasia_prod-s01-065-apac-southeastasia;migrationStage=NotStarted Some updates remain.}
{"logTime": "0409/044403", "correlationVector":"l10YRdGRwmR7oYXZVvzRsh","action":"Initial GetUpdates", "result":"", "context":Reason: NEWLY_SUPPORTED_DATATYPE. cV=l10YRdGRwmR7oYXZVvzRsh}
{"logTime": "0409/044404", "correlationVector":"l10YRdGRwmR7oYXZVvzRsh.1","action":"SyncServerConnectionManagerRequest", "result":"SYNC_SERVER_OK", "context":{"environment":"Prod_southeastasia_prod-s01-065-apac-southeastasia", "migrationStage":"NotStarted", "server":"akswtt112000011"}}
{"logTime": "0409/044404", "correlationVector":"l10YRdGRwmR7oYXZVvzRsh.2","action":"ProcessGetUpdates", "result":"Done", "context":{"dataType":"History", "deleted":"0", "process_failed_to_decrypt":"0", "process_pending_decryption":"0", "process_success":"250", "total":"250"}}
{"logTime": "0409/044404", "correlationVector":"l10YRdGRwmR7oYXZVvzRsh.3","action":"GetUpdates Response", "result":"Success", "context":Received 250 update(s). cV=l10YRdGRwmR7oYXZVvzRsh.0;server=akswtt112000011;cloudType=Consumer;environment=Prod_southeastasia_prod-s01-065-apac-southeastasia;migrationStage=NotStarted Some updates remain.}
{"logTime": "0409/044404", "correlationVector":"qbot6r3fkPx1EC6W6HAS2H","action":"Initial GetUpdates", "result":"", "context":Reason: NEWLY_SUPPORTED_DATATYPE. cV=qbot6r3fkPx1EC6W6HAS2H}
{"logTime": "0409/044404", "correlationVector":"qbot6r3fkPx1EC6W6HAS2H.1","action":"SyncServerConnectionManagerRequest", "result":"SYNC_SERVER_OK", "context":{"environment":"Prod_southeastasia_prod-s01-065-apac-southeastasia", "migrationStage":"NotStarted", "server":"akswtt11200000i"}}
{"logTime": "0409/044404", "correlationVector":"qbot6r3fkPx1EC6W6HAS2H.2","action":"ProcessGetUpdates", "result":"Done", "context":{"dataType":"History", "deleted":"0", "process_failed_to_decrypt":"0", "process_pending_decryption":"0", "process_success":"87", "total":"87"}}
{"logTime": "0409/044404", "correlationVector":"qbot6r3fkPx1EC6W6HAS2H.3","action":"GetUpdates Response", "result":"Success", "context":Received 87 update(s). cV=qbot6r3fkPx1EC6W6HAS2H.0;server=akswtt11200000i;cloudType=Consumer;environment=Prod_southeastasia_prod-s01-065-apac-southeastasia;migrationStage=NotStarted}
{"logTime": "0409/044404", "correlationVector":"WIkIBoonHJMoPL9AXB92qZ","action":"Normal GetUpdate request", "result":"", "context":cV=WIkIBoonHJMoPL9AXB92qZ
Nudged types: Sessions, Device Info, User Consents
Refresh requested types: Bookmarks, Preferences, Passwords, Autofill Profiles, Autofill, Extensions, Sessions, Extension settings, History Delete Directives, Device Info, User Consents, Send Tab To Self, Web Apps, History, Saved Tab Group, WebAuthn Credentials, Collection, Edge E Drop, Edge Hub App Usage, Edge Wallet, Edge Workspace, Encryption Keys}
{"logTime": "0409/044405", "correlationVector":"WIkIBoonHJMoPL9AXB92qZ.1","action":"SyncServerConnectionManagerRequest", "result":"SYNC_SERVER_OK", "context":{"environment":"Prod_southeastasia_prod-s01-065-apac-southeastasia", "migrationStage":"NotStarted", "server":"akswtt112000008"}}
{"logTime": "0409/044405", "correlationVector":"WIkIBoonHJMoPL9AXB92qZ.2","action":"GetUpdates Response", "result":"Success", "context":Received 0 update(s). cV=WIkIBoonHJMoPL9AXB92qZ.0;server=akswtt112000008;cloudType=Consumer;environment=Prod_southeastasia_prod-s01-065-apac-southeastasia;migrationStage=NotStarted}
{"logTime": "0409/044405", "correlationVector":"uqK47V6Kd+4PRbRlVvYD9K","action":"DoCompareDataConsistency requsted types: ", "result":"Bookmarks, Preferences, Passwords, Extensions, Extension settings, History Delete Directives, Send Tab To Self, Web Apps, History, Saved Tab Group, WebAuthn Credentials, Collection, Edge E Drop, Edge Wallet, Edge Workspace, Encryption Keys"}
{"logTime": "0409/044405", "correlationVector":"uqK47V6Kd+4PRbRlVvYD9K.0","action":"CompareDataConsistency result: ", "result":"Compare result: Encryption Keys is consistent. local entities count is: 1 local entities hash is: gkcbEDmlmGIqVQDCNz16a0U4de0="}
{"logTime": "0409/044405", "correlationVector":"uqK47V6Kd+4PRbRlVvYD9K.1","action":"CompareDataConsistency result: ", "result":"Compare result: Bookmarks is consistent. local entities count is: 2 local entities hash is: hESHIR5yQyFt/4LiZbwEYgn3YT0="}
{"logTime": "0409/044405", "correlationVector":"uqK47V6Kd+4PRbRlVvYD9K.2","action":"CompareDataConsistency result: ", "result":"Compare result: Preferences is consistent. local entities count is: 91 local entities hash is: IfJ+aPsGFHglrBBmezLVvzxktj0="}
{"logTime": "0409/044405", "correlationVector":"uqK47V6Kd+4PRbRlVvYD9K.3","action":"CompareDataConsistency result: ", "result":"Compare result: Extensions is consistent. local entities count is: 1 local entities hash is: Wj7UrzErBryAoKy8RWsUDls123c="}
{"logTime": "0409/044405", "correlationVector":"uqK47V6Kd+4PRbRlVvYD9K.4","action":"CompareDataConsistency result: ", "result":"Compare result: Extension settings is consistent. local entities count is: 0 local entities hash is: "}
{"logTime": "0409/044405", "correlationVector":"uqK47V6Kd+4PRbRlVvYD9K.5","action":"CompareDataConsistency result: ", "result":"Compare result: History Delete Directives is consistent. local entities count is: 0 local entities hash is: "}
{"logTime": "0409/044405", "correlationVector":"uqK47V6Kd+4PRbRlVvYD9K.6","action":"CompareDataConsistency result: ", "result":"Server did not send this Send Tab To Self local entities count is: 0 local entities hash is: "}
{"logTime": "0409/044405", "correlationVector":"uqK47V6Kd+4PRbRlVvYD9K.7","action":"CompareDataConsistency result: ", "result":"Compare result: Web Apps is consistent. local entities count is: 0 local entities hash is: "}
{"logTime": "0409/044405", "correlationVector":"uqK47V6Kd+4PRbRlVvYD9K.8","action":"CompareDataConsistency result: ", "result":"Server did not send this History local entities count is: 0 local entities hash is: "}
{"logTime": "0409/044405", "correlationVector":"uqK47V6Kd+4PRbRlVvYD9K.9","action":"CompareDataConsistency result: ", "result":"Compare result: Saved Tab Group is consistent. local entities count is: 0 local entities hash is: "}
{"logTime": "0409/044405", "correlationVector":"uqK47V6Kd+4PRbRlVvYD9K.10","action":"CompareDataConsistency result: ", "result":"Server did not send this WebAuthn Credentials local entities count is: 0 local entities hash is: "}
{"logTime": "0409/044405", "correlationVector":"uqK47V6Kd+4PRbRlVvYD9K.11","action":"CompareDataConsistency result: ", "result":"Compare result: Collection is consistent. local entities count is: 0 local entities hash is: "}
{"logTime": "0409/044405", "correlationVector":"uqK47V6Kd+4PRbRlVvYD9K.12","action":"CompareDataConsistency result: ", "result":"Compare result: Edge E Drop is consistent. local entities count is: 0 local entities hash is: "}
{"logTime": "0409/044405", "correlationVector":"uqK47V6Kd+4PRbRlVvYD9K.13","action":"CompareDataConsistency result: ", "result":"Compare result: Edge Wallet is consistent. local entities count is: 0 local entities hash is: "}
{"logTime": "0409/044405", "correlationVector":"uqK47V6Kd+4PRbRlVvYD9K.14","action":"CompareDataConsistency result: ", "result":"Server did not send this Edge Workspace local entities count is: 0 local entities hash is: "}
{"logTime": "0409/044405", "correlationVector":"uqK47V6Kd+4PRbRlVvYD9K.15","action":"CompareDataConsistency result: ", "result":"Compare result: Passwords is consistent. local entities count is: 58 local entities hash is: aXrrmnKgubNTVr2o2hREGHPP9bg="}
{"logTime": "0409/044405", "correlationVector":"3SzDm4NYJTY8C2+ZxRKtcV","action":"Commit Request", "result":"", "context":Item count: 5
Contributing types: Sessions, Device Info, User Consents}
{"logTime": "0409/044406", "correlationVector":"3SzDm4NYJTY8C2+ZxRKtcV.1","action":"SyncServerConnectionManagerRequest", "result":"SYNC_SERVER_OK", "context":{"environment":"Prod_southeastasia_prod-s01-065-apac-southeastasia", "migrationStage":"NotStarted", "server":"akswtt112000007"}}
{"logTime": "0409/044406", "correlationVector":"3SzDm4NYJTY8C2+ZxRKtcV.2","action":"Commit Response", "result":"Success", "context":Result: Success. cV=3SzDm4NYJTY8C2+ZxRKtcV.0;server=akswtt112000007;cloudType=Consumer;environment=Prod_southeastasia_prod-s01-065-apac-southeastasia;migrationStage=NotStarted}
{"logTime": "0409/044406", "correlationVector":"","action":"DIAGNOSTIC_REQUEST|v1/diagnosticData/Diagnostic.SendCheckResult()|SUCCESS", "result":""}
{"logTime": "0409/044408", "correlationVector":"lHpziyCMfQhTCGxDR91ik9","action":"Commit Request", "result":"", "context":Item count: 40
Contributing types: Passwords}
{"logTime": "0409/044410", "correlationVector":"lHpziyCMfQhTCGxDR91ik9.1","action":"SyncServerConnectionManagerRequest", "result":"SYNC_SERVER_OK", "context":{"environment":"Prod_southeastasia_prod-s01-065-apac-southeastasia", "migrationStage":"NotStarted", "server":"akswtt11200000i"}}
{"logTime": "0409/044410", "correlationVector":"lHpziyCMfQhTCGxDR91ik9.2","action":"Commit Response", "result":"Success", "context":Result: Success. cV=lHpziyCMfQhTCGxDR91ik9.0;server=akswtt11200000i;cloudType=Consumer;environment=Prod_southeastasia_prod-s01-065-apac-southeastasia;migrationStage=NotStarted}
{"logTime": "0409/044410", "correlationVector":"wO0Qjc+YWt3gu8a0/i3wA3","action":"Commit Request", "result":"", "context":Item count: 16
Contributing types: Preferences, Passwords}
{"logTime": "0409/044411", "correlationVector":"wO0Qjc+YWt3gu8a0/i3wA3.1","action":"SyncServerConnectionManagerRequest", "result":"SYNC_SERVER_OK", "context":{"environment":"Prod_southeastasia_prod-s01-065-apac-southeastasia", "migrationStage":"NotStarted", "server":"akswtt11200000s"}}
{"logTime": "0409/044411", "correlationVector":"wO0Qjc+YWt3gu8a0/i3wA3.2","action":"Commit Response", "result":"Success", "context":Result: Success. cV=wO0Qjc+YWt3gu8a0/i3wA3.0;server=akswtt11200000s;cloudType=Consumer;environment=Prod_southeastasia_prod-s01-065-apac-southeastasia;migrationStage=NotStarted}
{"logTime": "0409/044432", "correlationVector":"902jd+JtgamsOW+bEhAT6E","action":"Commit Request", "result":"", "context":Item count: 40
Contributing types: Passwords}
{"logTime": "0409/044435", "correlationVector":"902jd+JtgamsOW+bEhAT6E.1","action":"SyncServerConnectionManagerRequest", "result":"SYNC_SERVER_OK", "context":{"environment":"Prod_southeastasia_prod-s01-065-apac-southeastasia", "migrationStage":"NotStarted", "server":"akswtt112000002"}}
{"logTime": "0409/044435", "correlationVector":"902jd+JtgamsOW+bEhAT6E.2","action":"Commit Response", "result":"Success", "context":Result: Success. cV=902jd+JtgamsOW+bEhAT6E.0;server=akswtt112000002;cloudType=Consumer;environment=Prod_southeastasia_prod-s01-065-apac-southeastasia;migrationStage=NotStarted}
{"logTime": "0409/044435", "correlationVector":"DfSj2W5m/UTa6S6SjgKbpU","action":"Commit Request", "result":"", "context":Item count: 19
Contributing types: Passwords, Sessions, History}
{"logTime": "0409/044436", "correlationVector":"DfSj2W5m/UTa6S6SjgKbpU.1","action":"SyncServerConnectionManagerRequest", "result":"SYNC_SERVER_OK", "context":{"environment":"Prod_southeastasia_prod-s01-065-apac-southeastasia", "migrationStage":"NotStarted", "server":"akswtt112000011"}}
{"logTime": "0409/044436", "correlationVector":"DfSj2W5m/UTa6S6SjgKbpU.2","action":"Commit Response", "result":"Success", "context":Result: Success. cV=DfSj2W5m/UTa6S6SjgKbpU.0;server=akswtt112000011;cloudType=Consumer;environment=Prod_southeastasia_prod-s01-065-apac-southeastasia;migrationStage=NotStarted}
{"logTime": "0409/044821", "correlationVector":"Ju1+ZJTmxWZ/AO243jc73K.1","action":"SyncServerConnectionManagerRequest", "result":"SYNC_SERVER_OK", "context":{"environment":"Prod_southeastasia_prod-s01-064-apac-southeastasia", "migrationStage":"NotStarted", "server":"akswtt11200000c"}}
{"logTime": "0409/044821", "correlationVector":"Ju1+ZJTmxWZ/AO243jc73K.2","action":"ProcessGetUpdates", "result":"Done", "context":{"dataType":"Encryption Keys", "deleted":"0", "process_failed_to_decrypt":"0", "process_pending_decryption":"0", "process_success":"1", "total":"1"}}
{"logTime": "0409/044821", "correlationVector":"KeBx5o/GgFXzurmkyccsth","action":"SyncServerConnectionManagerRequest", "result":"SYNC_SERVER_ERROR", "context":{"environment":"", "error_type":"http_status_code", "error_value":"400", "migrationStage":"", "server":""}}
{"logTime": "0409/044821", "correlationVector":"Ju1+ZJTmxWZ/AO243jc73K","action":"Initial GetUpdates", "result":"", "context":Reason: NEW_CLIENT. cV=Ju1+ZJTmxWZ/AO243jc73K}
{"logTime": "0409/044821", "correlationVector":"Ju1+ZJTmxWZ/AO243jc73K.3","action":"GetUpdates Response", "result":"Success", "context":Received 1 update(s). cV=Ju1+ZJTmxWZ/AO243jc73K.0;server=akswtt11200000c;cloudType=Consumer;environment=Prod_southeastasia_prod-s01-064-apac-southeastasia;migrationStage=NotStarted}
{"logTime": "0409/044821", "correlationVector":"tx8gU/+NUNecUvdRBSuElB","action":"Normal GetUpdate request", "result":"", "context":cV=tx8gU/+NUNecUvdRBSuElB
Nudged types: Sessions, Device Info, History
Refresh requested types: Bookmarks, Preferences, Extensions, Sessions, Extension settings, History Delete Directives, Device Info, User Consents, Send Tab To Self, Web Apps, History, Saved Tab Group, WebAuthn Credentials, Collection, Edge E Drop, Edge Hub App Usage, Edge Wallet, Edge Workspace, Encryption Keys}
{"logTime": "0409/044822", "correlationVector":"tx8gU/+NUNecUvdRBSuElB.1","action":"SyncServerConnectionManagerRequest", "result":"SYNC_SERVER_OK", "context":{"environment":"Prod_southeastasia_prod-s01-065-apac-southeastasia", "migrationStage":"NotStarted", "server":"akswtt112000011"}}
{"logTime": "0409/044822", "correlationVector":"tx8gU/+NUNecUvdRBSuElB.2","action":"ProcessGetUpdates", "result":"Done", "context":{"dataType":"Preferences", "deleted":"0", "process_failed_to_decrypt":"0", "process_pending_decryption":"0", "process_success":"1", "total":"1"}}
{"logTime": "0409/044822", "correlationVector":"tx8gU/+NUNecUvdRBSuElB.3","action":"ProcessGetUpdates", "result":"Done", "context":{"dataType":"Sessions", "deleted":"0", "process_failed_to_decrypt":"0", "process_pending_decryption":"0", "process_success":"6", "total":"6"}}
{"logTime": "0409/044822", "correlationVector":"tx8gU/+NUNecUvdRBSuElB.4","action":"ProcessGetUpdates", "result":"Done", "context":{"dataType":"Device Info", "deleted":"0", "process_failed_to_decrypt":"0", "process_pending_decryption":"0", "process_success":"1", "total":"1"}}
{"logTime": "0409/044822", "correlationVector":"tx8gU/+NUNecUvdRBSuElB.5","action":"ProcessGetUpdates", "result":"Done", "context":{"dataType":"History", "deleted":"0", "process_failed_to_decrypt":"0", "process_pending_decryption":"0", "process_success":"5", "total":"5"}}
{"logTime": "0409/044822", "correlationVector":"tx8gU/+NUNecUvdRBSuElB.6","action":"GetUpdates Response", "result":"Success", "context":Received 13 update(s). cV=tx8gU/+NUNecUvdRBSuElB.0;server=akswtt112000011;cloudType=Consumer;environment=Prod_southeastasia_prod-s01-065-apac-southeastasia;migrationStage=NotStarted}
{"logTime": "0409/044822", "correlationVector":"Xwkp5DYFc/3lQvnc82ZBIQ","action":"Commit Request", "result":"", "context":Item count: 9
Contributing types: Sessions, Device Info, History}
{"logTime": "0409/044823", "correlationVector":"Xwkp5DYFc/3lQvnc82ZBIQ.1","action":"SyncServerConnectionManagerRequest", "result":"SYNC_SERVER_OK", "context":{"environment":"Prod_southeastasia_prod-s01-065-apac-southeastasia", "migrationStage":"NotStarted", "server":"akswtt11200000t"}}
{"logTime": "0409/044823", "correlationVector":"Xwkp5DYFc/3lQvnc82ZBIQ.2","action":"Commit Response", "result":"Success", "context":Result: Success. cV=Xwkp5DYFc/3lQvnc82ZBIQ.0;server=akswtt11200000t;cloudType=Consumer;environment=Prod_southeastasia_prod-s01-065-apac-southeastasia;migrationStage=NotStarted}
{"logTime": "0409/044823", "correlationVector":"Yzacw+4YZx2ty5H3c7MyKt","action":"SyncServerConnectionManagerRequest", "result":"SYNC_SERVER_ERROR", "context":{"environment":"", "error_type":"http_status_code", "error_value":"400", "migrationStage":"", "server":""}}
{"logTime": "0409/044823", "correlationVector":"ZVb1jmLwhYEV+XKha8obO+","action":"Normal GetUpdate request", "result":"", "context":cV=ZVb1jmLwhYEV+XKha8obO+
Nudged types: Sessions, Device Info, History
Refresh requested types: Encryption Keys}
{"logTime": "0409/044823", "correlationVector":"ZVb1jmLwhYEV+XKha8obO+.1","action":"SyncServerConnectionManagerRequest", "result":"SYNC_SERVER_OK", "context":{"environment":"Prod_southeastasia_prod-s01-065-apac-southeastasia", "migrationStage":"NotStarted", "server":"akswtt112000007"}}
{"logTime": "0409/044823", "correlationVector":"ZVb1jmLwhYEV+XKha8obO+.2","action":"ProcessGetUpdates", "result":"Done", "context":{"dataType":"Sessions", "deleted":"0", "process_failed_to_decrypt":"0", "process_pending_decryption":"0", "process_success":"3", "total":"3"}}
{"logTime": "0409/044823", "correlationVector":"ZVb1jmLwhYEV+XKha8obO+.3","action":"ProcessGetUpdates", "result":"Done", "context":{"dataType":"Device Info", "deleted":"0", "process_failed_to_decrypt":"0", "process_pending_decryption":"0", "process_success":"1", "total":"1"}}
{"logTime": "0409/044823", "correlationVector":"ZVb1jmLwhYEV+XKha8obO+.4","action":"ProcessGetUpdates", "result":"Done", "context":{"dataType":"History", "deleted":"0", "process_failed_to_decrypt":"0", "process_pending_decryption":"0", "process_success":"5", "total":"5"}}
{"logTime": "0409/044823", "correlationVector":"ZVb1jmLwhYEV+XKha8obO+.5","action":"GetUpdates Response", "result":"Success", "context":Received 9 update(s). cV=ZVb1jmLwhYEV+XKha8obO+.0;server=akswtt112000007;cloudType=Consumer;environment=Prod_southeastasia_prod-s01-065-apac-southeastasia;migrationStage=NotStarted}
{"logTime": "0409/044824", "correlationVector":"SvPKvbzGEjRLc7KngHkwNO","action":"SyncServerConnectionManagerRequest", "result":"SYNC_SERVER_ERROR", "context":{"environment":"", "error_type":"http_status_code", "error_value":"400", "migrationStage":"", "server":""}}
{"logTime": "0409/044825", "correlationVector":"tnq6qRDVaxGOoCSdvcwtDO","action":"Normal GetUpdate request", "result":"", "context":cV=tnq6qRDVaxGOoCSdvcwtDO
Refresh requested types: Encryption Keys}
{"logTime": "0409/044826", "correlationVector":"tnq6qRDVaxGOoCSdvcwtDO.1","action":"SyncServerConnectionManagerRequest", "result":"SYNC_SERVER_OK", "context":{"environment":"Prod_southeastasia_prod-s01-065-apac-southeastasia", "migrationStage":"NotStarted", "server":"akswtt112000013"}}
{"logTime": "0409/044826", "correlationVector":"tnq6qRDVaxGOoCSdvcwtDO.2","action":"ProcessGetUpdates", "result":"Done", "context":{"dataType":"Sessions", "deleted":"1", "process_failed_to_decrypt":"0", "process_pending_decryption":"0", "process_success":"2", "total":"2"}}
{"logTime": "0409/044826", "correlationVector":"tnq6qRDVaxGOoCSdvcwtDO.3","action":"GetUpdates Response", "result":"Success", "context":Received 2 update(s). cV=tnq6qRDVaxGOoCSdvcwtDO.0;server=akswtt112000013;cloudType=Consumer;environment=Prod_southeastasia_prod-s01-065-apac-southeastasia;migrationStage=NotStarted}
{"logTime": "0409/044826", "correlationVector":"AhZrZqp32boY7xvnl8NxLi","action":"SyncServerConnectionManagerRequest", "result":"SYNC_SERVER_ERROR", "context":{"environment":"", "error_type":"http_status_code", "error_value":"400", "migrationStage":"", "server":""}}
{"logTime": "0409/044830", "correlationVector":"UqLGL1IF6x7F37xn5kJ5KX","action":"Normal GetUpdate request", "result":"", "context":cV=UqLGL1IF6x7F37xn5kJ5KX
Nudged types: Sessions, History
Refresh requested types: Encryption Keys}
{"logTime": "0409/044831", "correlationVector":"UqLGL1IF6x7F37xn5kJ5KX.1","action":"SyncServerConnectionManagerRequest", "result":"SYNC_SERVER_OK", "context":{"environment":"Prod_southeastasia_prod-s01-065-apac-southeastasia", "migrationStage":"NotStarted", "server":"akswtt112000012"}}
{"logTime": "0409/044831", "correlationVector":"UqLGL1IF6x7F37xn5kJ5KX.2","action":"GetUpdates Response", "result":"Success", "context":Received 0 update(s). cV=UqLGL1IF6x7F37xn5kJ5KX.0;server=akswtt112000012;cloudType=Consumer;environment=Prod_southeastasia_prod-s01-065-apac-southeastasia;migrationStage=NotStarted}
{"logTime": "0409/044831", "correlationVector":"2C5qfh2BKe66JPCM3OTc1b","action":"Commit Request", "result":"", "context":Item count: 3
Contributing types: Sessions, History}
{"logTime": "0409/044831", "correlationVector":"2C5qfh2BKe66JPCM3OTc1b.1","action":"SyncServerConnectionManagerRequest", "result":"SYNC_SERVER_OK", "context":{"environment":"Prod_southeastasia_prod-s01-065-apac-southeastasia", "migrationStage":"NotStarted", "server":"akswtt11200000x"}}
{"logTime": "0409/044831", "correlationVector":"2C5qfh2BKe66JPCM3OTc1b.3","action":"Commit.Sessions", "result":"Success", "context":{"id":"ffbfe63f-ff07-4661-95d5-736808695382", "isDeleted":"true", "size":"0", "version":"1775710102129"}}
{"logTime": "0409/044831", "correlationVector":"2C5qfh2BKe66JPCM3OTc1b.2","action":"Commit Response", "result":"Success", "context":Result: Success. cV=2C5qfh2BKe66JPCM3OTc1b.0;server=akswtt11200000x;cloudType=Consumer;environment=Prod_southeastasia_prod-s01-065-apac-southeastasia;migrationStage=NotStarted}
{"logTime": "0409/044832", "correlationVector":"IS56uvijQCVFOJFSYLXCmC","action":"SyncServerConnectionManagerRequest", "result":"SYNC_SERVER_ERROR", "context":{"environment":"", "error_type":"http_status_code", "error_value":"400", "migrationStage":"", "server":""}}
{"logTime": "0409/044840", "correlationVector":"Cn6xJtFplZGuevVkYeP4uE","action":"Normal GetUpdate request", "result":"", "context":cV=Cn6xJtFplZGuevVkYeP4uE
Nudged types: Sessions, History
Refresh requested types: Encryption Keys}
{"logTime": "0409/044841", "correlationVector":"Cn6xJtFplZGuevVkYeP4uE.1","action":"SyncServerConnectionManagerRequest", "result":"SYNC_SERVER_OK", "context":{"environment":"Prod_southeastasia_prod-s01-065-apac-southeastasia", "migrationStage":"NotStarted", "server":"akswtt112000011"}}
{"logTime": "0409/044841", "correlationVector":"Cn6xJtFplZGuevVkYeP4uE.2","action":"ProcessGetUpdates", "result":"Done", "context":{"dataType":"Sessions", "deleted":"1", "process_failed_to_decrypt":"0", "process_pending_decryption":"0", "process_success":"2", "total":"2"}}
{"logTime": "0409/044841", "correlationVector":"Cn6xJtFplZGuevVkYeP4uE.3","action":"ProcessGetUpdates", "result":"Done", "context":{"dataType":"History", "deleted":"0", "process_failed_to_decrypt":"0", "process_pending_decryption":"0", "process_success":"1", "total":"1"}}
{"logTime": "0409/044841", "correlationVector":"Cn6xJtFplZGuevVkYeP4uE.4","action":"GetUpdates Response", "result":"Success", "context":Received 3 update(s). cV=Cn6xJtFplZGuevVkYeP4uE.0;server=akswtt112000011;cloudType=Consumer;environment=Prod_southeastasia_prod-s01-065-apac-southeastasia;migrationStage=NotStarted}
{"logTime": "0409/044841", "correlationVector":"SVvPATgkq162MDP4YgFrwB","action":"Commit Request", "result":"", "context":Item count: 3
Contributing types: Sessions, History}
{"logTime": "0409/044842", "correlationVector":"SVvPATgkq162MDP4YgFrwB.1","action":"SyncServerConnectionManagerRequest", "result":"SYNC_SERVER_OK", "context":{"environment":"Prod_southeastasia_prod-s01-065-apac-southeastasia", "migrationStage":"NotStarted", "server":"akswtt11200000s"}}
{"logTime": "0409/044842", "correlationVector":"SVvPATgkq162MDP4YgFrwB.2","action":"Commit Response", "result":"Success", "context":Result: Success. cV=SVvPATgkq162MDP4YgFrwB.0;server=akswtt11200000s;cloudType=Consumer;environment=Prod_southeastasia_prod-s01-065-apac-southeastasia;migrationStage=NotStarted}
{"logTime": "0409/044842", "correlationVector":"49QyURlb8EI5Mw1taPD9l8","action":"SyncServerConnectionManagerRequest", "result":"SYNC_SERVER_OK", "context":{"environment":"", "migrationStage":"", "server":""}}
{"logTime": "0409/044842", "correlationVector":"49QyURlb8EI5Mw1taPD9l8.0","action":"EncryptionKeysFetcher.DownloadKeys:", "result":"Success", "context":Key count: 6, Last key timestamp: 2026-01-20T06:20:05Z}
{"logTime": "0409/044842", "correlationVector":"49QyURlb8EI5Mw1taPD9l8.1","action":"EncryptionKeysManager::SetEncryptionKeys:", "result":"Success", "context":Key names[6]:[ByVb6cBX/bu6k1/9au9o2Fb70m3S1Cx3JSbN2qQ3gJ3/h0n/w7LmdF+uhNjnRX3JoOpw4Ch+ZN1qIRdjTGbomw==][WNS4zTcYEszIukDipTdzomYyfT484qLGUUpTL9NoCrWuNwchuh7WZBInK3jT+zWFaMYVGRJ3T548cGk5wqPkPw==][QqAkU21LwbDP+zoLC5Xv4AJH6e3M0OuPmEdxZonvfA0urnJII48ydApDH3co12WnviWu0isULXemBeOAMLoDSw==][r7sK29rfZKTtMxm8nva/Tl1no75DV4uU6+UKBhuNfp/z2nHbYzB6pj4iMbsnkY/tohUStI8jYvlfWC3RIbKLVw==][oOdGMej1/q8uB3jacZry514ycVuhscKqh63GCMYOj+x2IJe742QcAC5pCYWiV+kJsMntU5+zbhfv5UTCd19Lig==][G+8QAHCjNgTCo5NbRnURKftWDW22k+FNJN/VOK3N7KndlfZpGJCvTbyGz0Ccy9csT54beehrU2Z3MAvi0+nkJA==]}
{"logTime": "0409/044842", "correlationVector":"49QyURlb8EI5Mw1taPD9l8.2","action":"EncryptionKeysManager::SetEncryptionKeysWithTimestamps:", "result":"Success", "context":Key timestamps[6]:[2023-07-11T10:10:15Z][2024-01-08T14:12:51Z][2024-07-09T03:09:37Z][2025-01-12T15:05:46Z][2025-07-15T13:38:21Z][2026-01-20T06:20:05Z]}
{"logTime": "0409/044842", "correlationVector":"TqIFnAzQ55FXe10vIOhsIC","action":"Initial GetUpdates", "result":"", "context":Reason: NEWLY_SUPPORTED_DATATYPE. cV=TqIFnAzQ55FXe10vIOhsIC}
{"logTime": "0409/044843", "correlationVector":"TqIFnAzQ55FXe10vIOhsIC.1","action":"SyncServerConnectionManagerRequest", "result":"SYNC_SERVER_OK", "context":{"environment":"Prod_southeastasia_prod-s01-065-apac-southeastasia", "migrationStage":"NotStarted", "server":"akswtt11200000n"}}
{"logTime": "0409/044843", "correlationVector":"TqIFnAzQ55FXe10vIOhsIC.2","action":"ProcessGetUpdates", "result":"Done", "context":{"dataType":"Passwords", "deleted":"3", "process_failed_to_decrypt":"0", "process_pending_decryption":"0", "process_success":"61", "total":"61"}}
{"logTime": "0409/044843", "correlationVector":"TqIFnAzQ55FXe10vIOhsIC.3","action":"GetUpdates Response", "result":"Success", "context":Received 61 update(s). cV=TqIFnAzQ55FXe10vIOhsIC.0;server=akswtt11200000n;cloudType=Consumer;environment=Prod_southeastasia_prod-s01-065-apac-southeastasia;migrationStage=NotStarted}
{"logTime": "0409/044843", "correlationVector":"EPD+pintrHWB4RHSjuCKBo","action":"Normal GetUpdate request", "result":"", "context":cV=EPD+pintrHWB4RHSjuCKBo
Nudged types: Sessions, History
Refresh requested types: Bookmarks, Preferences, Passwords, Autofill Profiles, Autofill, Extensions, Sessions, Extension settings, History Delete Directives, Device Info, User Consents, Send Tab To Self, Web Apps, History, Saved Tab Group, WebAuthn Credentials, Collection, Edge E Drop, Edge Hub App Usage, Edge Wallet, Edge Workspace, Encryption Keys}
{"logTime": "0409/044843", "correlationVector":"EPD+pintrHWB4RHSjuCKBo.1","action":"SyncServerConnectionManagerRequest", "result":"SYNC_SERVER_OK", "context":{"environment":"Prod_southeastasia_prod-s01-065-apac-southeastasia", "migrationStage":"NotStarted", "server":"akswtt112000018"}}
{"logTime": "0409/044843", "correlationVector":"EPD+pintrHWB4RHSjuCKBo.2","action":"ProcessGetUpdates", "result":"Done", "context":{"dataType":"Sessions", "deleted":"0", "process_failed_to_decrypt":"0", "process_pending_decryption":"0", "process_success":"1", "total":"1"}}
{"logTime": "0409/044843", "correlationVector":"EPD+pintrHWB4RHSjuCKBo.3","action":"ProcessGetUpdates", "result":"Done", "context":{"dataType":"History", "deleted":"0", "process_failed_to_decrypt":"0", "process_pending_decryption":"0", "process_success":"2", "total":"2"}}
{"logTime": "0409/044843", "correlationVector":"EPD+pintrHWB4RHSjuCKBo.4","action":"GetUpdates Response", "result":"Success", "context":Received 3 update(s). cV=EPD+pintrHWB4RHSjuCKBo.0;server=akswtt112000018;cloudType=Consumer;environment=Prod_southeastasia_prod-s01-065-apac-southeastasia;migrationStage=NotStarted}
{"logTime": "0409/044904", "correlationVector":"pJTw7rEjAYD/MTFROgsvkd","action":"Commit Request", "result":"", "context":Item count: 40
Contributing types: Passwords}
{"logTime": "0409/044907", "correlationVector":"pJTw7rEjAYD/MTFROgsvkd.1","action":"SyncServerConnectionManagerRequest", "result":"SYNC_SERVER_OK", "context":{"environment":"Prod_southeastasia_prod-s01-064-apac-southeastasia", "migrationStage":"NotStarted", "server":"akswtt112000004"}}
{"logTime": "0409/044907", "correlationVector":"pJTw7rEjAYD/MTFROgsvkd.2","action":"Commit Response", "result":"Success", "context":Result: Success. cV=pJTw7rEjAYD/MTFROgsvkd.0;server=akswtt112000004;cloudType=Consumer;environment=Prod_southeastasia_prod-s01-064-apac-southeastasia;migrationStage=NotStarted}
{"logTime": "0409/044907", "correlationVector":"348wYwVdTB6KLt3Mnpz3MH","action":"Commit Request", "result":"", "context":Item count: 20
Contributing types: Preferences, Passwords, Sessions, History}
{"logTime": "0409/044908", "correlationVector":"348wYwVdTB6KLt3Mnpz3MH.1","action":"SyncServerConnectionManagerRequest", "result":"SYNC_SERVER_OK", "context":{"environment":"Prod_southeastasia_prod-s01-064-apac-southeastasia", "migrationStage":"NotStarted", "server":"akswtt11200000h"}}
{"logTime": "0409/044908", "correlationVector":"348wYwVdTB6KLt3Mnpz3MH.2","action":"Commit Response", "result":"Success", "context":Result: Success. cV=348wYwVdTB6KLt3Mnpz3MH.0;server=akswtt11200000h;cloudType=Consumer;environment=Prod_southeastasia_prod-s01-064-apac-southeastasia;migrationStage=NotStarted}
{"logTime": "0409/044917", "correlationVector":"YLrsCuuMwyagGd+n29OvV4","action":"Commit Request", "result":"", "context":Item count: 1
Contributing types: Edge Hub App Usage}
{"logTime": "0409/044918", "correlationVector":"YLrsCuuMwyagGd+n29OvV4.1","action":"SyncServerConnectionManagerRequest", "result":"SYNC_SERVER_OK", "context":{"environment":"Prod_southeastasia_prod-s01-064-apac-southeastasia", "migrationStage":"NotStarted", "server":"akswtt11200000f"}}
{"logTime": "0409/044918", "correlationVector":"YLrsCuuMwyagGd+n29OvV4.2","action":"Commit Response", "result":"Success", "context":Result: Success. cV=YLrsCuuMwyagGd+n29OvV4.0;server=akswtt11200000f;cloudType=Consumer;environment=Prod_southeastasia_prod-s01-064-apac-southeastasia;migrationStage=NotStarted}
{"logTime": "0409/045035", "correlationVector":"asC5XvpOABFOkandG/x0H1","action":"Normal GetUpdate request", "result":"", "context":cV=asC5XvpOABFOkandG/x0H1
Notified types: History}
{"logTime": "0409/045035", "correlationVector":"asC5XvpOABFOkandG/x0H1.1","action":"SyncServerConnectionManagerRequest", "result":"SYNC_SERVER_OK", "context":{"environment":"Prod_southeastasia_prod-s01-064-apac-southeastasia", "migrationStage":"NotStarted", "server":"akswtt11200000h"}}
{"logTime": "0409/045035", "correlationVector":"asC5XvpOABFOkandG/x0H1.2","action":"ProcessGetUpdates", "result":"Done", "context":{"dataType":"Preferences", "deleted":"0", "process_failed_to_decrypt":"0", "process_pending_decryption":"0", "process_success":"1", "total":"1"}}
{"logTime": "0409/045035", "correlationVector":"asC5XvpOABFOkandG/x0H1.3","action":"ProcessGetUpdates", "result":"Done", "context":{"dataType":"Passwords", "deleted":"0", "process_failed_to_decrypt":"0", "process_pending_decryption":"0", "process_success":"55", "total":"55"}}
{"logTime": "0409/045035", "correlationVector":"asC5XvpOABFOkandG/x0H1.4","action":"ProcessGetUpdates", "result":"Done", "context":{"dataType":"Sessions", "deleted":"0", "process_failed_to_decrypt":"0", "process_pending_decryption":"0", "process_success":"4", "total":"4"}}
{"logTime": "0409/045035", "correlationVector":"asC5XvpOABFOkandG/x0H1.5","action":"ProcessGetUpdates", "result":"Done", "context":{"dataType":"History", "deleted":"0", "process_failed_to_decrypt":"0", "process_pending_decryption":"0", "process_success":"4", "total":"4"}}
{"logTime": "0409/045035", "correlationVector":"asC5XvpOABFOkandG/x0H1.6","action":"ProcessGetUpdates", "result":"Done", "context":{"dataType":"Edge Hub App Usage", "deleted":"0", "process_failed_to_decrypt":"0", "process_pending_decryption":"0", "process_success":"1", "total":"1"}}
{"logTime": "0409/045035", "correlationVector":"asC5XvpOABFOkandG/x0H1.7","action":"GetUpdates Response", "result":"Success", "context":Received 65 update(s). cV=asC5XvpOABFOkandG/x0H1.0;server=akswtt11200000h;cloudType=Consumer;environment=Prod_southeastasia_prod-s01-064-apac-southeastasia;migrationStage=NotStarted}
{"logTime": "0409/055215", "correlationVector":"ZA0h9C1FTRFCD7PW20G9hj","action":"Commit Request", "result":"", "context":Item count: 1
Contributing types: Device Info}
{"logTime": "0409/055216", "correlationVector":"ZA0h9C1FTRFCD7PW20G9hj.1","action":"SyncServerConnectionManagerRequest", "result":"SYNC_SERVER_OK", "context":{"environment":"Prod_southeastasia_prod-s01-064-apac-southeastasia", "migrationStage":"NotStarted", "server":"akswtt112000003"}}
{"logTime": "0409/055216", "correlationVector":"ZA0h9C1FTRFCD7PW20G9hj.2","action":"Commit Response", "result":"Success", "context":Result: Success. cV=ZA0h9C1FTRFCD7PW20G9hj.0;server=akswtt112000003;cloudType=Consumer;environment=Prod_southeastasia_prod-s01-064-apac-southeastasia;migrationStage=NotStarted}
{"logTime": "0409/055216", "correlationVector":"2DmXCgQcRDBCuJMoNQjdO/","action":"Commit Request", "result":"", "context":Item count: 1
Contributing types: Device Info}
{"logTime": "0409/055219", "correlationVector":"2DmXCgQcRDBCuJMoNQjdO/.1","action":"SyncServerConnectionManagerRequest", "result":"SYNC_SERVER_OK", "context":{"environment":"Prod_southeastasia_prod-s01-064-apac-southeastasia", "migrationStage":"NotStarted", "server":"akswtt11200000a"}}
{"logTime": "0409/055219", "correlationVector":"2DmXCgQcRDBCuJMoNQjdO/.2","action":"Commit Response", "result":"Success", "context":Result: Success. cV=2DmXCgQcRDBCuJMoNQjdO/.0;server=akswtt11200000a;cloudType=Consumer;environment=Prod_southeastasia_prod-s01-064-apac-southeastasia;migrationStage=NotStarted}
{"logTime": "0409/055219", "correlationVector":"65ZA0wsUe2JToFcDTuWM+4","action":"Commit Request", "result":"", "context":Item count: 1
Contributing types: Device Info}
{"logTime": "0409/055219", "correlationVector":"65ZA0wsUe2JToFcDTuWM+4.1","action":"SyncServerConnectionManagerRequest", "result":"SYNC_SERVER_OK", "context":{"environment":"Prod_southeastasia_prod-s01-064-apac-southeastasia", "migrationStage":"NotStarted", "server":"akswtt11200000r"}}
{"logTime": "0409/055219", "correlationVector":"65ZA0wsUe2JToFcDTuWM+4.2","action":"Commit Response", "result":"Success", "context":Result: Success. cV=65ZA0wsUe2JToFcDTuWM+4.0;server=akswtt11200000r;cloudType=Consumer;environment=Prod_southeastasia_prod-s01-064-apac-southeastasia;migrationStage=NotStarted}
