2026-04-09 04:43:32.669: [INFO][Sync] Reset engine, reason: 8
2026-04-09 04:43:32.669: [INFO][Sync] Stopped: Bookmarks
2026-04-09 04:43:32.669: [INFO][Sync] Stopped: Preferences
2026-04-09 04:43:32.669: [INFO][Sync] Stopped: Passwords
2026-04-09 04:43:32.669: [INFO][Sync] Stopped: Autofill Profiles
2026-04-09 04:43:32.669: [INFO][Sync] Stopped: Autofill
2026-04-09 04:43:32.669: [INFO][Sync] Stopped: Extensions
2026-04-09 04:43:32.669: [INFO][Sync] Stopped: Sessions
2026-04-09 04:43:32.669: [INFO][Sync] Stopped: Extension settings
2026-04-09 04:43:32.669: [INFO][Sync] Stopped: History Delete Directives
2026-04-09 04:43:32.669: [INFO][Sync] Stopped: Device Info
2026-04-09 04:43:32.669: [INFO][Sync] Stopped: User Consents
2026-04-09 04:43:32.669: [INFO][Sync] Stopped: Send Tab To Self
2026-04-09 04:43:32.669: [INFO][Sync] Stopped: Web Apps
2026-04-09 04:43:32.669: [INFO][Sync] Stopped: History
2026-04-09 04:43:32.669: [INFO][Sync] Stopped: Saved Tab Group
2026-04-09 04:43:32.669: [INFO][Sync] Stopped: WebAuthn Credentials
2026-04-09 04:43:32.669: [INFO][Sync] Stopped: Collection
2026-04-09 04:43:32.669: [INFO][Sync] Stopped: Edge E Drop
2026-04-09 04:43:32.669: [INFO][Sync] Stopped: Edge Hub App Usage
2026-04-09 04:43:32.669: [INFO][Sync] Stopped: Edge Wallet
2026-04-09 04:43:32.669: [INFO][Sync] Stopped: Edge Workspace
2026-04-09 04:43:32.669: [INFO][Sync] SyncState after authenticated was: NotSignedIn
2026-04-09 04:43:32.948: [INFO][Sync] Reset engine, reason: 8
2026-04-09 04:43:32.948: [INFO][Sync] Stopped: Bookmarks
2026-04-09 04:43:32.948: [INFO][Sync] Stopped: Preferences
2026-04-09 04:43:32.948: [INFO][Sync] Stopped: Passwords
2026-04-09 04:43:32.948: [INFO][Sync] Stopped: Autofill Profiles
2026-04-09 04:43:32.948: [INFO][Sync] Stopped: Autofill
2026-04-09 04:43:32.948: [INFO][Sync] Stopped: Extensions
2026-04-09 04:43:32.948: [INFO][Sync] Stopped: Sessions
2026-04-09 04:43:32.948: [INFO][Sync] Stopped: Extension settings
2026-04-09 04:43:32.948: [INFO][Sync] Stopped: History Delete Directives
2026-04-09 04:43:32.948: [INFO][Sync] Stopped: Device Info
2026-04-09 04:43:32.948: [INFO][Sync] Stopped: User Consents
2026-04-09 04:43:32.948: [INFO][Sync] Stopped: Send Tab To Self
2026-04-09 04:43:32.948: [INFO][Sync] Stopped: Web Apps
2026-04-09 04:43:32.948: [INFO][Sync] Stopped: History
2026-04-09 04:43:32.948: [INFO][Sync] Stopped: Saved Tab Group
2026-04-09 04:43:32.948: [INFO][Sync] Stopped: WebAuthn Credentials
2026-04-09 04:43:32.948: [INFO][Sync] Stopped: Collection
2026-04-09 04:43:32.948: [INFO][Sync] Stopped: Edge E Drop
2026-04-09 04:43:32.948: [INFO][Sync] Stopped: Edge Hub App Usage
2026-04-09 04:43:32.948: [INFO][Sync] Stopped: Edge Wallet
2026-04-09 04:43:32.948: [INFO][Sync] Stopped: Edge Workspace
2026-04-09 04:43:37.046: [INFO][Sync] Try to start sync engine
2026-04-09 04:43:37.047: [INFO][SyncManagerImpl::NudgeForInitialDownload] Initial download nudge for Encryption Keys
2026-04-09 04:43:37.047: [INFO][SyncEngineBackend::LoadAndConnectNigoriController] Load and connect Nigori controller
2026-04-09 04:43:37.047: [INFO][SyncEngineBackend::DoInitialize] Control Types added: Encryption Keys
2026-04-09 04:43:37.047: [INFO][SyncManagerImpl::ConfigureSyncer] Types to download: Encryption Keys with reason: 3
2026-04-09 04:43:37.047: [INFO][SyncSchedulerImpl::DoConfigurationSyncCycleJob] Configure job was blocked
2026-04-09 04:43:37.074: [INFO][SyncAuthManager::SetLastAuthError] Current auth error: None
2026-04-09 04:43:37.074: [INFO][SyncAuthManager::EdgeLogTokenErrorState] Token error with: None for account type: MSA
2026-04-09 04:43:37.074: [INFO][Sync] Credentials changed for: EdgeSyncScopeNew
2026-04-09 04:43:38.492: [INFO][SyncAuthManager::SetLastAuthError] Current auth error: None
2026-04-09 04:43:38.493: [INFO][SyncAuthManager::EdgeLogTokenErrorState] Token error with: None for account type: MSA
2026-04-09 04:43:38.493: [INFO][Sync] Credentials changed for: EdgeSyncKeyDataScope
2026-04-09 04:43:38.493: [INFO][SyncEngineBackend::DoUpdateKeyDataCredentials] Update key data credentials
2026-04-09 04:43:38.493: [INFO][SyncEngineBackend::DoUpdateCredentials] Update credentials
2026-04-09 04:43:38.493: [INFO][SyncSchedulerImpl::DoConfigurationSyncCycleJob] Blocked types:  and types to download: Encryption Keys
2026-04-09 04:43:40.763: [INFO][Sync] Started DataTypeManager configuration, reason: 4
2026-04-09 04:43:40.763: [INFO][Sync] Configuring for: Bookmarks, Preferences, Passwords, Autofill Profiles, Autofill, Extensions, Sessions, Extension settings, History Delete Directives, Device Info, User Consents, Send Tab To Self, Web Apps, History, Saved Tab Group, WebAuthn Credentials, Collection, Edge E Drop, Edge Hub App Usage, Edge Wallet, Edge Workspace, Encryption Keys, reason: 3, current state: 0
2026-04-09 04:43:40.763: [WARN][Sync] Crypto error data types: Passwords, Autofill Profiles, Autofill
2026-04-09 04:43:40.765: [INFO][Sync] Configure, desired: Bookmarks, Preferences, Extensions, Sessions, Extension settings, History Delete Directives, Device Info, User Consents, Send Tab To Self, Web Apps, History, Saved Tab Group, WebAuthn Credentials, Collection, Edge E Drop, Edge Hub App Usage, Edge Wallet, Edge Workspace, Encryption Keys; Allow fail: Passwords, Autofill Profiles, Autofill
2026-04-09 04:43:40.765: [INFO][Sync] Loading: Bookmarks
2026-04-09 04:43:40.765: [INFO][Sync] Loading: Preferences
2026-04-09 04:43:40.765: [INFO][Sync] Loading: Extensions
2026-04-09 04:43:40.765: [INFO][Sync] Loading: Sessions
2026-04-09 04:43:40.765: [INFO][Sync] Loading: Extension settings
2026-04-09 04:43:40.765: [INFO][Sync] Loading: History Delete Directives
2026-04-09 04:43:40.765: [INFO][Sync] Loading: Device Info
2026-04-09 04:43:40.765: [INFO][Sync] Loading: User Consents
2026-04-09 04:43:40.765: [INFO][Sync] Loading: Send Tab To Self
2026-04-09 04:43:40.765: [INFO][Sync] Loading: Web Apps
2026-04-09 04:43:40.765: [INFO][Sync] Loading: History
2026-04-09 04:43:40.765: [INFO][Sync] Loading: Saved Tab Group
2026-04-09 04:43:40.765: [INFO][Sync] Loading: WebAuthn Credentials
2026-04-09 04:43:40.765: [INFO][Sync] Loading: Collection
2026-04-09 04:43:40.765: [INFO][Sync] Loading: Edge E Drop
2026-04-09 04:43:40.765: [INFO][Sync] Loading: Edge Hub App Usage
2026-04-09 04:43:40.765: [INFO][Sync] Loading: Edge Wallet
2026-04-09 04:43:40.765: [INFO][Sync] Loading: Edge Workspace
2026-04-09 04:43:40.771: [INFO][Sync] All data types are ready for configure.
2026-04-09 04:43:41.740: [INFO][Sync] Started DataTypeManager configuration, reason: 5
2026-04-09 04:43:41.740: [INFO][Sync] Configuring for: Bookmarks, Preferences, Passwords, Autofill Profiles, Autofill, Extensions, Sessions, Extension settings, History Delete Directives, Device Info, User Consents, Send Tab To Self, Web Apps, History, Saved Tab Group, WebAuthn Credentials, Collection, Edge E Drop, Edge Hub App Usage, Edge Wallet, Edge Workspace, Encryption Keys, reason: 5, current state: 1
2026-04-09 04:43:41.744: [INFO][SyncEngineBackend::DoStartConfiguration] Start configuration
2026-04-09 04:43:41.744: [INFO][SyncManagerImpl::NudgeForInitialDownload] Initial download nudge for Bookmarks
2026-04-09 04:43:41.744: [INFO][SyncManagerImpl::NudgeForInitialDownload] Initial download nudge for Preferences
2026-04-09 04:43:41.744: [INFO][SyncManagerImpl::NudgeForInitialDownload] Initial download nudge for Extensions
2026-04-09 04:43:41.744: [INFO][SyncManagerImpl::NudgeForInitialDownload] Initial download nudge for Sessions
2026-04-09 04:43:41.744: [INFO][SyncManagerImpl::NudgeForInitialDownload] Initial download nudge for Extension settings
2026-04-09 04:43:41.744: [INFO][SyncManagerImpl::NudgeForInitialDownload] Initial download nudge for History Delete Directives
2026-04-09 04:43:41.744: [INFO][SyncManagerImpl::NudgeForInitialDownload] Initial download nudge for Device Info
2026-04-09 04:43:41.744: [INFO][SyncManagerImpl::NudgeForInitialDownload] Initial download nudge for Send Tab To Self
2026-04-09 04:43:41.744: [INFO][SyncManagerImpl::NudgeForInitialDownload] Initial download nudge for Web Apps
2026-04-09 04:43:41.744: [INFO][SyncManagerImpl::NudgeForInitialDownload] Initial download nudge for History
2026-04-09 04:43:41.744: [INFO][SyncManagerImpl::NudgeForInitialDownload] Initial download nudge for Saved Tab Group
2026-04-09 04:43:41.744: [INFO][SyncManagerImpl::NudgeForInitialDownload] Initial download nudge for WebAuthn Credentials
2026-04-09 04:43:41.745: [INFO][SyncManagerImpl::NudgeForInitialDownload] Initial download nudge for Collection
2026-04-09 04:43:41.745: [INFO][SyncManagerImpl::NudgeForInitialDownload] Initial download nudge for Edge E Drop
2026-04-09 04:43:41.745: [INFO][SyncManagerImpl::NudgeForInitialDownload] Initial download nudge for Edge Hub App Usage
2026-04-09 04:43:41.745: [INFO][SyncManagerImpl::NudgeForInitialDownload] Initial download nudge for Edge Wallet
2026-04-09 04:43:41.745: [INFO][SyncManagerImpl::NudgeForInitialDownload] Initial download nudge for Edge Workspace
2026-04-09 04:43:41.745: [INFO][SyncManagerImpl::ConfigureSyncer] Types to download:  with reason: 3
2026-04-09 04:43:41.745: [INFO][SyncEngineBackend::DoFinishConfigureDataTypes] Failed to download types:  and succeeded types: 
2026-04-09 04:43:41.752: [INFO][Sync] ConfigurationDone, failed: , succeeded: , remaining count: 4
2026-04-09 04:43:41.752: [WARN][Sync]     Reconfigure requested while configuration ongoing.
2026-04-09 04:43:41.752: [INFO][Sync] Configuring for: Bookmarks, Preferences, Passwords, Autofill Profiles, Autofill, Extensions, Sessions, Extension settings, History Delete Directives, Device Info, User Consents, Send Tab To Self, Web Apps, History, Saved Tab Group, WebAuthn Credentials, Collection, Edge E Drop, Edge Hub App Usage, Edge Wallet, Edge Workspace, Encryption Keys, reason: 5, current state: 2
2026-04-09 04:43:41.752: [INFO][Sync] Configure, desired: Bookmarks, Preferences, Passwords, Autofill Profiles, Autofill, Extensions, Sessions, Extension settings, History Delete Directives, Device Info, User Consents, Send Tab To Self, Web Apps, History, Saved Tab Group, WebAuthn Credentials, Collection, Edge E Drop, Edge Hub App Usage, Edge Wallet, Edge Workspace, Encryption Keys; Allow fail: 
2026-04-09 04:43:41.752: [INFO][Sync] Loading: Passwords
2026-04-09 04:43:41.752: [INFO][Sync] Loading: Autofill Profiles
2026-04-09 04:43:41.752: [INFO][Sync] Loading: Autofill
2026-04-09 04:43:41.752: [INFO][Sync] All data types are ready for configure.
2026-04-09 04:43:41.752: [INFO][SyncManagerImpl::NudgeForInitialDownload] Initial download nudge for Passwords
2026-04-09 04:43:41.752: [INFO][SyncManagerImpl::NudgeForInitialDownload] Initial download nudge for Autofill Profiles
2026-04-09 04:43:41.752: [INFO][SyncManagerImpl::NudgeForInitialDownload] Initial download nudge for Autofill
2026-04-09 04:43:41.752: [INFO][SyncManagerImpl::ConfigureSyncer] Types to download:  with reason: 5
2026-04-09 04:43:41.752: [INFO][SyncEngineBackend::DoFinishConfigureDataTypes] Failed to download types:  and succeeded types: 
2026-04-09 04:43:41.752: [INFO][Sync] ConfigurationDone, failed: , succeeded: , remaining count: 4
2026-04-09 04:43:41.752: [INFO][Sync] Prepare to configure types: Preferences, Passwords, Device Info, Send Tab To Self, Edge E Drop, Encryption Keys
2026-04-09 04:43:41.752: [INFO][SyncManagerImpl::ConfigureSyncer] Types to download: Preferences, Passwords, Device Info, Send Tab To Self, Edge E Drop, Encryption Keys with reason: 5
2026-04-09 04:43:41.752: [INFO][SyncSchedulerImpl::DoConfigurationSyncCycleJob] Blocked types:  and types to download: Preferences, Passwords, Device Info, Send Tab To Self, Edge E Drop, Encryption Keys
2026-04-09 04:43:42.637: [INFO][SyncEngineBackend::DoFinishConfigureDataTypes] Failed to download types:  and succeeded types: Preferences, Passwords, Device Info, Send Tab To Self, Edge E Drop, Encryption Keys
2026-04-09 04:43:42.641: [INFO][Sync] ConfigurationDone, failed: , succeeded: Preferences, Passwords, Device Info, Send Tab To Self, Edge E Drop, Encryption Keys, remaining count: 3
2026-04-09 04:43:42.641: [INFO][Sync] Prepare to configure types: Bookmarks, Encryption Keys
2026-04-09 04:43:42.641: [INFO][SyncManagerImpl::ConfigureSyncer] Types to download: Bookmarks, Encryption Keys with reason: 5
2026-04-09 04:43:42.641: [INFO][SyncSchedulerImpl::DoConfigurationSyncCycleJob] Blocked types:  and types to download: Bookmarks, Encryption Keys
2026-04-09 04:43:42.944: [INFO][SyncEngineBackend::DoFinishConfigureDataTypes] Failed to download types:  and succeeded types: Bookmarks, Encryption Keys
2026-04-09 04:43:42.954: [INFO][Sync] ConfigurationDone, failed: , succeeded: Bookmarks, Encryption Keys, remaining count: 2
2026-04-09 04:43:42.954: [INFO][Sync] Prepare to configure types: Autofill Profiles, Autofill, Extensions, Sessions, Extension settings, History Delete Directives, Web Apps, Saved Tab Group, WebAuthn Credentials, Collection, Edge Hub App Usage, Edge Wallet, Edge Workspace, Encryption Keys
2026-04-09 04:43:42.954: [INFO][SyncManagerImpl::ConfigureSyncer] Types to download: Autofill Profiles, Autofill, Extensions, Sessions, Extension settings, History Delete Directives, Web Apps, Saved Tab Group, WebAuthn Credentials, Collection, Edge Hub App Usage, Edge Wallet, Edge Workspace, Encryption Keys with reason: 5
2026-04-09 04:43:42.954: [INFO][SyncSchedulerImpl::DoConfigurationSyncCycleJob] Blocked types:  and types to download: Autofill Profiles, Autofill, Extensions, Sessions, Extension settings, History Delete Directives, Web Apps, Saved Tab Group, WebAuthn Credentials, Collection, Edge Hub App Usage, Edge Wallet, Edge Workspace, Encryption Keys
2026-04-09 04:43:47.603: [INFO][SyncEngineBackend::DoFinishConfigureDataTypes] Failed to download types:  and succeeded types: Autofill Profiles, Autofill, Extensions, Sessions, Extension settings, History Delete Directives, Web Apps, Saved Tab Group, WebAuthn Credentials, Collection, Edge Hub App Usage, Edge Wallet, Edge Workspace, Encryption Keys
2026-04-09 04:43:47.606: [INFO][Sync] ConfigurationDone, failed: , succeeded: Autofill Profiles, Autofill, Extensions, Sessions, Extension settings, History Delete Directives, Web Apps, Saved Tab Group, WebAuthn Credentials, Collection, Edge Hub App Usage, Edge Wallet, Edge Workspace, Encryption Keys, remaining count: 1
2026-04-09 04:43:47.608: [INFO][Sync] Prepare to configure types: History, Encryption Keys
2026-04-09 04:43:47.608: [INFO][SyncManagerImpl::ConfigureSyncer] Types to download: History, Encryption Keys with reason: 5
2026-04-09 04:43:47.608: [INFO][SyncSchedulerImpl::DoConfigurationSyncCycleJob] Blocked types:  and types to download: History, Encryption Keys
2026-04-09 04:44:04.794: [INFO][SyncEngineBackend::DoFinishConfigureDataTypes] Failed to download types:  and succeeded types: History, Encryption Keys
2026-04-09 04:44:04.802: [INFO][Sync] ConfigurationDone, failed: , succeeded: History, Encryption Keys, remaining count: 0
2026-04-09 04:44:04.810: [INFO][Sync]     Configuration completed, state: 7
2026-04-09 04:44:04.810: [INFO][Sync] Configured DataTypeManager: Ok
2026-04-09 04:44:04.816: [INFO][SyncEngineBackend::DoStartSyncing] Start syncing
2026-04-09 04:45:02.730: [INFO][Sync] Reset engine, reason: 0
2026-04-09 04:45:02.730: [INFO][Sync] Reset engine with reason: 0
2026-04-09 04:48:14.592: [INFO][Sync] SyncState after authenticated was: FeatureCanStart
2026-04-09 04:48:14.859: [INFO][SyncAuthManager::SetLastAuthError] Current auth error: None
2026-04-09 04:48:14.859: [INFO][SyncAuthManager::EdgeLogTokenErrorState] Token error with: None for account type: MSA
2026-04-09 04:48:14.860: [INFO][Sync] Credentials changed for: EdgeSyncKeyDataScope
2026-04-09 04:48:20.746: [INFO][Sync] Try to start sync engine
2026-04-09 04:48:20.747: [INFO][SyncManagerImpl::NudgeForInitialDownload] Initial download nudge for Encryption Keys
2026-04-09 04:48:20.747: [INFO][SyncEngineBackend::LoadAndConnectNigoriController] Load and connect Nigori controller
2026-04-09 04:48:20.747: [INFO][SyncEngineBackend::DoInitialize] Control Types added: Encryption Keys
2026-04-09 04:48:20.747: [INFO][SyncManagerImpl::ConfigureSyncer] Types to download: Encryption Keys with reason: 3
2026-04-09 04:48:20.747: [INFO][SyncEngineBackend::DoUpdateKeyDataCredentials] Update key data credentials
2026-04-09 04:48:20.747: [INFO][SyncSchedulerImpl::DoConfigurationSyncCycleJob] Configure job was blocked
2026-04-09 04:48:20.753: [INFO][SyncAuthManager::SetLastAuthError] Current auth error: None
2026-04-09 04:48:20.753: [INFO][SyncAuthManager::EdgeLogTokenErrorState] Token error with: None for account type: MSA
2026-04-09 04:48:20.753: [INFO][Sync] Credentials changed for: EdgeSyncScopeNew
2026-04-09 04:48:20.753: [INFO][SyncEngineBackend::DoUpdateCredentials] Update credentials
2026-04-09 04:48:20.753: [INFO][SyncSchedulerImpl::DoConfigurationSyncCycleJob] Blocked types:  and types to download: Encryption Keys
2026-04-09 04:48:21.192: [INFO][SyncEngineBackend::DoUpdateKeyDataCredentials] Update key data credentials
2026-04-09 04:48:21.224: [INFO][Sync] Started DataTypeManager configuration, reason: 4
2026-04-09 04:48:21.224: [INFO][Sync] Configuring for: Bookmarks, Preferences, Passwords, Autofill Profiles, Autofill, Extensions, Sessions, Extension settings, History Delete Directives, Device Info, User Consents, Send Tab To Self, Web Apps, History, Saved Tab Group, WebAuthn Credentials, Collection, Edge E Drop, Edge Hub App Usage, Edge Wallet, Edge Workspace, Encryption Keys, reason: 4, current state: 0
2026-04-09 04:48:21.224: [WARN][Sync] Crypto error data types: Passwords, Autofill Profiles, Autofill
2026-04-09 04:48:21.232: [INFO][Sync] Configure, desired: Bookmarks, Preferences, Extensions, Sessions, Extension settings, History Delete Directives, Device Info, User Consents, Send Tab To Self, Web Apps, History, Saved Tab Group, WebAuthn Credentials, Collection, Edge E Drop, Edge Hub App Usage, Edge Wallet, Edge Workspace, Encryption Keys; Allow fail: Passwords, Autofill Profiles, Autofill
2026-04-09 04:48:21.232: [INFO][Sync] Loading: Bookmarks
2026-04-09 04:48:21.232: [INFO][Sync] Loading: Preferences
2026-04-09 04:48:21.232: [INFO][Sync] Loading: Extensions
2026-04-09 04:48:21.232: [INFO][Sync] Loading: Sessions
2026-04-09 04:48:21.232: [INFO][Sync] Loading: Extension settings
2026-04-09 04:48:21.232: [INFO][Sync] Loading: History Delete Directives
2026-04-09 04:48:21.232: [INFO][Sync] Loading: Device Info
2026-04-09 04:48:21.232: [INFO][Sync] Loading: User Consents
2026-04-09 04:48:21.232: [INFO][Sync] Loading: Send Tab To Self
2026-04-09 04:48:21.232: [INFO][Sync] Loading: Web Apps
2026-04-09 04:48:21.232: [INFO][Sync] Loading: History
2026-04-09 04:48:21.232: [INFO][Sync] Loading: Saved Tab Group
2026-04-09 04:48:21.232: [INFO][Sync] Loading: WebAuthn Credentials
2026-04-09 04:48:21.232: [INFO][Sync] Loading: Collection
2026-04-09 04:48:21.232: [INFO][Sync] Loading: Edge E Drop
2026-04-09 04:48:21.232: [INFO][Sync] Loading: Edge Hub App Usage
2026-04-09 04:48:21.232: [INFO][Sync] Loading: Edge Wallet
2026-04-09 04:48:21.232: [INFO][Sync] Loading: Edge Workspace
2026-04-09 04:48:21.243: [INFO][Sync] All data types are ready for configure.
2026-04-09 04:48:21.788: [INFO][Sync] Connection status changed to: 2
2026-04-09 04:48:21.788: [INFO][SyncEngineBackend::DoStartConfiguration] Start configuration
2026-04-09 04:48:21.788: [INFO][SyncManagerImpl::ConfigureSyncer] Types to download:  with reason: 4
2026-04-09 04:48:21.788: [INFO][SyncEngineBackend::DoFinishConfigureDataTypes] Failed to download types:  and succeeded types: 
2026-04-09 04:48:21.793: [INFO][Sync] ConfigurationDone, failed: , succeeded: , remaining count: 4
2026-04-09 04:48:21.793: [INFO][SyncManagerImpl::ConfigureSyncer] Types to download:  with reason: 4
2026-04-09 04:48:21.793: [INFO][SyncEngineBackend::DoFinishConfigureDataTypes] Failed to download types:  and succeeded types: 
2026-04-09 04:48:21.793: [INFO][Sync] ConfigurationDone, failed: , succeeded: , remaining count: 3
2026-04-09 04:48:21.793: [INFO][SyncManagerImpl::ConfigureSyncer] Types to download:  with reason: 4
2026-04-09 04:48:21.793: [INFO][SyncEngineBackend::DoFinishConfigureDataTypes] Failed to download types:  and succeeded types: 
2026-04-09 04:48:21.797: [INFO][Sync] ConfigurationDone, failed: , succeeded: , remaining count: 2
2026-04-09 04:48:21.797: [INFO][SyncManagerImpl::ConfigureSyncer] Types to download:  with reason: 4
2026-04-09 04:48:21.797: [INFO][SyncEngineBackend::DoFinishConfigureDataTypes] Failed to download types:  and succeeded types: 
2026-04-09 04:48:21.797: [INFO][Sync] ConfigurationDone, failed: , succeeded: , remaining count: 1
2026-04-09 04:48:21.805: [INFO][SyncManagerImpl::ConfigureSyncer] Types to download:  with reason: 4
2026-04-09 04:48:21.805: [INFO][SyncEngineBackend::DoFinishConfigureDataTypes] Failed to download types:  and succeeded types: 
2026-04-09 04:48:21.805: [INFO][Sync] ConfigurationDone, failed: , succeeded: , remaining count: 0
2026-04-09 04:48:21.811: [INFO][Sync]     Configuration completed, state: 3
2026-04-09 04:48:21.812: [INFO][Sync] Configured DataTypeManager: Ok
2026-04-09 04:48:21.820: [INFO][SyncEngineBackend::DoStartSyncing] Start syncing
2026-04-09 04:48:21.833: [INFO][SyncAuthManager::SetLastAuthError] Current auth error: None
2026-04-09 04:48:21.833: [INFO][SyncAuthManager::EdgeLogTokenErrorState] Token error with: None for account type: MSA
2026-04-09 04:48:21.833: [INFO][Sync] Credentials changed for: EdgeSyncKeyDataScope
2026-04-09 04:48:22.835: [INFO][SyncAuthManager::SetLastAuthError] Current auth error: None
2026-04-09 04:48:22.835: [INFO][SyncAuthManager::EdgeLogTokenErrorState] Token error with: None for account type: MSA
2026-04-09 04:48:22.835: [INFO][Sync] Credentials changed for: EdgeSyncScopeNew
2026-04-09 04:48:23.275: [INFO][SyncEngineBackend::DoUpdateKeyDataCredentials] Update key data credentials
2026-04-09 04:48:23.275: [INFO][Sync] Connection status changed to: 2
2026-04-09 04:48:23.275: [INFO][SyncEngineBackend::DoUpdateCredentials] Update credentials
2026-04-09 04:48:23.275: [INFO][SyncEngineBackend::DoUpdateKeyDataCredentials] Update key data credentials
2026-04-09 04:48:24.042: [INFO][Sync] Connection status changed to: 2
2026-04-09 04:48:24.896: [INFO][SyncAuthManager::SetLastAuthError] Current auth error: None
2026-04-09 04:48:24.896: [INFO][SyncAuthManager::EdgeLogTokenErrorState] Token error with: None for account type: MSA
2026-04-09 04:48:24.896: [INFO][Sync] Credentials changed for: EdgeSyncScopeNew
2026-04-09 04:48:25.065: [INFO][SyncAuthManager::SetLastAuthError] Current auth error: None
2026-04-09 04:48:25.065: [INFO][SyncAuthManager::EdgeLogTokenErrorState] Token error with: None for account type: MSA
2026-04-09 04:48:25.065: [INFO][Sync] Credentials changed for: EdgeSyncKeyDataScope
2026-04-09 04:48:25.065: [INFO][SyncEngineBackend::DoUpdateKeyDataCredentials] Update key data credentials
2026-04-09 04:48:25.065: [INFO][SyncEngineBackend::DoUpdateCredentials] Update credentials
2026-04-09 04:48:26.496: [INFO][Sync] Connection status changed to: 2
2026-04-09 04:48:30.063: [INFO][SyncAuthManager::SetLastAuthError] Current auth error: None
2026-04-09 04:48:30.063: [INFO][SyncAuthManager::EdgeLogTokenErrorState] Token error with: None for account type: MSA
2026-04-09 04:48:30.063: [INFO][Sync] Credentials changed for: EdgeSyncScopeNew
2026-04-09 04:48:30.304: [INFO][SyncAuthManager::SetLastAuthError] Current auth error: None
2026-04-09 04:48:30.304: [INFO][SyncAuthManager::EdgeLogTokenErrorState] Token error with: None for account type: MSA
2026-04-09 04:48:30.304: [INFO][Sync] Credentials changed for: EdgeSyncKeyDataScope
2026-04-09 04:48:30.304: [INFO][SyncEngineBackend::DoUpdateKeyDataCredentials] Update key data credentials
2026-04-09 04:48:30.304: [INFO][SyncEngineBackend::DoUpdateCredentials] Update credentials
2026-04-09 04:48:32.162: [INFO][Sync] Connection status changed to: 2
2026-04-09 04:48:38.853: [INFO][SyncAuthManager::SetLastAuthError] Current auth error: None
2026-04-09 04:48:38.853: [INFO][SyncAuthManager::EdgeLogTokenErrorState] Token error with: None for account type: MSA
2026-04-09 04:48:38.853: [INFO][Sync] Credentials changed for: EdgeSyncScopeNew
2026-04-09 04:48:40.306: [INFO][SyncAuthManager::SetLastAuthError] Current auth error: None
2026-04-09 04:48:40.306: [INFO][SyncAuthManager::EdgeLogTokenErrorState] Token error with: None for account type: MSA
2026-04-09 04:48:40.306: [INFO][Sync] Credentials changed for: EdgeSyncKeyDataScope
2026-04-09 04:48:40.307: [INFO][SyncEngineBackend::DoUpdateKeyDataCredentials] Update key data credentials
2026-04-09 04:48:40.307: [INFO][SyncEngineBackend::DoUpdateCredentials] Update credentials
2026-04-09 04:48:42.632: [INFO][Sync] Started DataTypeManager configuration, reason: 5
2026-04-09 04:48:42.632: [INFO][Sync] Configuring for: Bookmarks, Preferences, Passwords, Autofill Profiles, Autofill, Extensions, Sessions, Extension settings, History Delete Directives, Device Info, User Consents, Send Tab To Self, Web Apps, History, Saved Tab Group, WebAuthn Credentials, Collection, Edge E Drop, Edge Hub App Usage, Edge Wallet, Edge Workspace, Encryption Keys, reason: 5, current state: 3
2026-04-09 04:48:42.633: [INFO][SyncEngineBackend::DoStartConfiguration] Start configuration
2026-04-09 04:48:42.637: [INFO][Sync] Configure, desired: Bookmarks, Preferences, Passwords, Autofill Profiles, Autofill, Extensions, Sessions, Extension settings, History Delete Directives, Device Info, User Consents, Send Tab To Self, Web Apps, History, Saved Tab Group, WebAuthn Credentials, Collection, Edge E Drop, Edge Hub App Usage, Edge Wallet, Edge Workspace, Encryption Keys; Allow fail: 
2026-04-09 04:48:42.637: [INFO][Sync] Loading: Passwords
2026-04-09 04:48:42.637: [INFO][Sync] Loading: Autofill Profiles
2026-04-09 04:48:42.637: [INFO][Sync] Loading: Autofill
2026-04-09 04:48:42.642: [INFO][Sync] All data types are ready for configure.
2026-04-09 04:48:42.642: [INFO][SyncManagerImpl::NudgeForInitialDownload] Initial download nudge for Passwords
2026-04-09 04:48:42.642: [INFO][SyncManagerImpl::ConfigureSyncer] Types to download:  with reason: 5
2026-04-09 04:48:42.642: [INFO][SyncEngineBackend::DoFinishConfigureDataTypes] Failed to download types:  and succeeded types: 
2026-04-09 04:48:42.645: [INFO][Sync] ConfigurationDone, failed: , succeeded: , remaining count: 4
2026-04-09 04:48:42.646: [INFO][Sync] Prepare to configure types: Passwords, Encryption Keys
2026-04-09 04:48:42.646: [INFO][SyncManagerImpl::ConfigureSyncer] Types to download: Passwords, Encryption Keys with reason: 5
2026-04-09 04:48:42.646: [INFO][SyncSchedulerImpl::DoConfigurationSyncCycleJob] Blocked types:  and types to download: Passwords, Encryption Keys
2026-04-09 04:48:43.224: [INFO][SyncEngineBackend::DoFinishConfigureDataTypes] Failed to download types:  and succeeded types: Passwords, Encryption Keys
2026-04-09 04:48:43.229: [INFO][Sync] ConfigurationDone, failed: , succeeded: Passwords, Encryption Keys, remaining count: 3
2026-04-09 04:48:43.230: [INFO][SyncManagerImpl::ConfigureSyncer] Types to download:  with reason: 5
2026-04-09 04:48:43.230: [INFO][SyncEngineBackend::DoFinishConfigureDataTypes] Failed to download types:  and succeeded types: 
2026-04-09 04:48:43.230: [INFO][Sync] ConfigurationDone, failed: , succeeded: , remaining count: 2
2026-04-09 04:48:43.230: [INFO][SyncManagerImpl::ConfigureSyncer] Types to download:  with reason: 5
2026-04-09 04:48:43.230: [INFO][SyncEngineBackend::DoFinishConfigureDataTypes] Failed to download types:  and succeeded types: 
2026-04-09 04:48:43.233: [INFO][Sync] ConfigurationDone, failed: , succeeded: , remaining count: 1
2026-04-09 04:48:43.239: [INFO][SyncManagerImpl::ConfigureSyncer] Types to download:  with reason: 5
2026-04-09 04:48:43.239: [INFO][SyncEngineBackend::DoFinishConfigureDataTypes] Failed to download types:  and succeeded types: 
2026-04-09 04:48:43.239: [INFO][Sync] ConfigurationDone, failed: , succeeded: , remaining count: 0
2026-04-09 04:48:43.244: [INFO][Sync]     Configuration completed, state: 3
2026-04-09 04:48:43.244: [INFO][Sync] Configured DataTypeManager: Ok
2026-04-09 04:48:43.249: [INFO][SyncEngineBackend::DoStartSyncing] Start syncing
2026-04-09 05:53:35.335: [INFO][Sync] Reset engine, reason: 0
2026-04-09 05:53:35.335: [INFO][Sync] Reset engine with reason: 0
